[0.240s] DEBUG:colcon:Command line arguments: ['/usr/bin/colcon', 'build', '--packages-select', 'tfluna_ros2', '--cmake-args', '-DCMAKE_BUILD_TYPE=Release']
[0.240s] DEBUG:colcon:Parsed command line arguments: Namespace(log_base=None, log_level=None, verb_name='build', build_base='build', install_base='install', merge_install=False, symlink_install=False, test_result_base=None, continue_on_error=False, executor='parallel', parallel_workers=6, event_handlers=None, ignore_user_meta=False, metas=['./colcon.meta'], base_paths=['.'], packages_ignore=None, packages_ignore_regex=None, paths=None, packages_up_to=None, packages_up_to_regex=None, packages_above=None, packages_above_and_dependencies=None, packages_above_depth=None, packages_select_by_dep=None, packages_skip_by_dep=None, packages_skip_up_to=None, packages_select_build_failed=False, packages_skip_build_finished=False, packages_select_test_failures=False, packages_skip_test_passed=False, packages_select=['tfluna_ros2'], packages_skip=None, packages_select_regex=None, packages_skip_regex=None, packages_start=None, packages_end=None, allow_overriding=[], cmake_args=['-DCMAKE_BUILD_TYPE=Release'], cmake_target=None, cmake_target_skip_unavailable=False, cmake_clean_cache=False, cmake_clean_first=False, cmake_force_configure=False, ament_cmake_args=None, catkin_cmake_args=None, catkin_skip_building_tests=False, verb_parser=<colcon_defaults.argument_parser.defaults.DefaultArgumentsDecorator object at 0xffffb6af3550>, verb_extension=<colcon_core.verb.build.BuildVerb object at 0xffffb6c309d0>, main=<bound method BuildVerb.main of <colcon_core.verb.build.BuildVerb object at 0xffffb6c309d0>>)
[0.604s] Level 1:colcon.colcon_core.package_discovery:discover_packages(colcon_meta) check parameters
[0.604s] Level 1:colcon.colcon_core.package_discovery:discover_packages(recursive) check parameters
[0.604s] Level 1:colcon.colcon_core.package_discovery:discover_packages(ignore) check parameters
[0.604s] Level 1:colcon.colcon_core.package_discovery:discover_packages(path) check parameters
[0.604s] Level 1:colcon.colcon_core.package_discovery:discover_packages(colcon_meta) discover
[0.605s] Level 1:colcon.colcon_core.package_discovery:discover_packages(recursive) discover
[0.605s] INFO:colcon.colcon_core.package_discovery:Crawling recursively for packages in '/home/luka/tf_luna_ros2_ws'
[0.605s] Level 1:colcon.colcon_core.package_identification:_identify(.) by extensions ['ignore', 'ignore_ament_install']
[0.605s] Level 1:colcon.colcon_core.package_identification:_identify(.) by extension 'ignore'
[0.605s] Level 1:colcon.colcon_core.package_identification:_identify(.) by extension 'ignore_ament_install'
[0.606s] Level 1:colcon.colcon_core.package_identification:_identify(.) by extensions ['colcon_pkg']
[0.606s] Level 1:colcon.colcon_core.package_identification:_identify(.) by extension 'colcon_pkg'
[0.606s] Level 1:colcon.colcon_core.package_identification:_identify(.) by extensions ['colcon_meta']
[0.606s] Level 1:colcon.colcon_core.package_identification:_identify(.) by extension 'colcon_meta'
[0.606s] Level 1:colcon.colcon_core.package_identification:_identify(.) by extensions ['ros']
[0.606s] Level 1:colcon.colcon_core.package_identification:_identify(.) by extension 'ros'
[0.632s] Level 1:colcon.colcon_core.package_identification:_identify(.) by extensions ['cmake', 'python']
[0.632s] Level 1:colcon.colcon_core.package_identification:_identify(.) by extension 'cmake'
[0.632s] Level 1:colcon.colcon_core.package_identification:_identify(.) by extension 'python'
[0.632s] Level 1:colcon.colcon_core.package_identification:_identify(.) by extensions ['python_setup_py']
[0.633s] Level 1:colcon.colcon_core.package_identification:_identify(.) by extension 'python_setup_py'
[0.633s] Level 1:colcon.colcon_core.package_identification:_identify(build) by extensions ['ignore', 'ignore_ament_install']
[0.633s] Level 1:colcon.colcon_core.package_identification:_identify(build) by extension 'ignore'
[0.633s] Level 1:colcon.colcon_core.package_identification:_identify(build) ignored
[0.634s] Level 1:colcon.colcon_core.package_identification:_identify(images) by extensions ['ignore', 'ignore_ament_install']
[0.634s] Level 1:colcon.colcon_core.package_identification:_identify(images) by extension 'ignore'
[0.634s] Level 1:colcon.colcon_core.package_identification:_identify(images) by extension 'ignore_ament_install'
[0.634s] Level 1:colcon.colcon_core.package_identification:_identify(images) by extensions ['colcon_pkg']
[0.634s] Level 1:colcon.colcon_core.package_identification:_identify(images) by extension 'colcon_pkg'
[0.634s] Level 1:colcon.colcon_core.package_identification:_identify(images) by extensions ['colcon_meta']
[0.634s] Level 1:colcon.colcon_core.package_identification:_identify(images) by extension 'colcon_meta'
[0.634s] Level 1:colcon.colcon_core.package_identification:_identify(images) by extensions ['ros']
[0.635s] Level 1:colcon.colcon_core.package_identification:_identify(images) by extension 'ros'
[0.635s] Level 1:colcon.colcon_core.package_identification:_identify(images) by extensions ['cmake', 'python']
[0.635s] Level 1:colcon.colcon_core.package_identification:_identify(images) by extension 'cmake'
[0.635s] Level 1:colcon.colcon_core.package_identification:_identify(images) by extension 'python'
[0.635s] Level 1:colcon.colcon_core.package_identification:_identify(images) by extensions ['python_setup_py']
[0.635s] Level 1:colcon.colcon_core.package_identification:_identify(images) by extension 'python_setup_py'
[0.635s] Level 1:colcon.colcon_core.package_identification:_identify(install) by extensions ['ignore', 'ignore_ament_install']
[0.636s] Level 1:colcon.colcon_core.package_identification:_identify(install) by extension 'ignore'
[0.636s] Level 1:colcon.colcon_core.package_identification:_identify(install) ignored
[0.636s] Level 1:colcon.colcon_core.package_identification:_identify(log) by extensions ['ignore', 'ignore_ament_install']
[0.636s] Level 1:colcon.colcon_core.package_identification:_identify(log) by extension 'ignore'
[0.636s] Level 1:colcon.colcon_core.package_identification:_identify(log) ignored
[0.636s] Level 1:colcon.colcon_core.package_identification:_identify(src) by extensions ['ignore', 'ignore_ament_install']
[0.637s] Level 1:colcon.colcon_core.package_identification:_identify(src) by extension 'ignore'
[0.637s] Level 1:colcon.colcon_core.package_identification:_identify(src) by extension 'ignore_ament_install'
[0.637s] Level 1:colcon.colcon_core.package_identification:_identify(src) by extensions ['colcon_pkg']
[0.637s] Level 1:colcon.colcon_core.package_identification:_identify(src) by extension 'colcon_pkg'
[0.637s] Level 1:colcon.colcon_core.package_identification:_identify(src) by extensions ['colcon_meta']
[0.637s] Level 1:colcon.colcon_core.package_identification:_identify(src) by extension 'colcon_meta'
[0.637s] Level 1:colcon.colcon_core.package_identification:_identify(src) by extensions ['ros']
[0.637s] Level 1:colcon.colcon_core.package_identification:_identify(src) by extension 'ros'
[0.638s] Level 1:colcon.colcon_core.package_identification:_identify(src) by extensions ['cmake', 'python']
[0.638s] Level 1:colcon.colcon_core.package_identification:_identify(src) by extension 'cmake'
[0.638s] Level 1:colcon.colcon_core.package_identification:_identify(src) by extension 'python'
[0.638s] Level 1:colcon.colcon_core.package_identification:_identify(src) by extensions ['python_setup_py']
[0.638s] Level 1:colcon.colcon_core.package_identification:_identify(src) by extension 'python_setup_py'
[0.638s] Level 1:colcon.colcon_core.package_identification:_identify(src/tfluna_ros2) by extensions ['ignore', 'ignore_ament_install']
[0.638s] Level 1:colcon.colcon_core.package_identification:_identify(src/tfluna_ros2) by extension 'ignore'
[0.638s] Level 1:colcon.colcon_core.package_identification:_identify(src/tfluna_ros2) by extension 'ignore_ament_install'
[0.639s] Level 1:colcon.colcon_core.package_identification:_identify(src/tfluna_ros2) by extensions ['colcon_pkg']
[0.639s] Level 1:colcon.colcon_core.package_identification:_identify(src/tfluna_ros2) by extension 'colcon_pkg'
[0.639s] Level 1:colcon.colcon_core.package_identification:_identify(src/tfluna_ros2) by extensions ['colcon_meta']
[0.639s] Level 1:colcon.colcon_core.package_identification:_identify(src/tfluna_ros2) by extension 'colcon_meta'
[0.639s] Level 1:colcon.colcon_core.package_identification:_identify(src/tfluna_ros2) by extensions ['ros']
[0.639s] Level 1:colcon.colcon_core.package_identification:_identify(src/tfluna_ros2) by extension 'ros'
[0.645s] DEBUG:colcon.colcon_core.package_identification:Package 'src/tfluna_ros2' with type 'ros.ament_cmake' and name 'tfluna_ros2'
[0.646s] Level 1:colcon.colcon_core.package_discovery:discover_packages(recursive) using defaults
[0.646s] Level 1:colcon.colcon_core.package_discovery:discover_packages(ignore) discover
[0.646s] Level 1:colcon.colcon_core.package_discovery:discover_packages(ignore) using defaults
[0.646s] Level 1:colcon.colcon_core.package_discovery:discover_packages(path) discover
[0.646s] Level 1:colcon.colcon_core.package_discovery:discover_packages(path) using defaults
[0.689s] Level 1:colcon.colcon_core.package_discovery:discover_packages(prefix_path) check parameters
[0.689s] Level 1:colcon.colcon_core.package_discovery:discover_packages(prefix_path) discover
[0.693s] DEBUG:colcon.colcon_installed_package_information.package_discovery:Found 1 installed packages in /home/luka/tf_luna_ros2_ws/install
[0.695s] DEBUG:colcon.colcon_installed_package_information.package_discovery:Found 274 installed packages in /opt/ros/humble
[0.700s] Level 1:colcon.colcon_core.package_discovery:discover_packages(prefix_path) using defaults
[0.813s] Level 5:colcon.colcon_core.verb:set package 'tfluna_ros2' build argument 'cmake_args' from command line to '['-DCMAKE_BUILD_TYPE=Release']'
[0.813s] Level 5:colcon.colcon_core.verb:set package 'tfluna_ros2' build argument 'cmake_target' from command line to 'None'
[0.813s] Level 5:colcon.colcon_core.verb:set package 'tfluna_ros2' build argument 'cmake_target_skip_unavailable' from command line to 'False'
[0.813s] Level 5:colcon.colcon_core.verb:set package 'tfluna_ros2' build argument 'cmake_clean_cache' from command line to 'False'
[0.813s] Level 5:colcon.colcon_core.verb:set package 'tfluna_ros2' build argument 'cmake_clean_first' from command line to 'False'
[0.813s] Level 5:colcon.colcon_core.verb:set package 'tfluna_ros2' build argument 'cmake_force_configure' from command line to 'False'
[0.813s] Level 5:colcon.colcon_core.verb:set package 'tfluna_ros2' build argument 'ament_cmake_args' from command line to 'None'
[0.813s] Level 5:colcon.colcon_core.verb:set package 'tfluna_ros2' build argument 'catkin_cmake_args' from command line to 'None'
[0.813s] Level 5:colcon.colcon_core.verb:set package 'tfluna_ros2' build argument 'catkin_skip_building_tests' from command line to 'False'
[0.814s] DEBUG:colcon.colcon_core.verb:Building package 'tfluna_ros2' with the following arguments: {'ament_cmake_args': None, 'build_base': '/home/luka/tf_luna_ros2_ws/build/tfluna_ros2', 'catkin_cmake_args': None, 'catkin_skip_building_tests': False, 'cmake_args': ['-DCMAKE_BUILD_TYPE=Release'], 'cmake_clean_cache': False, 'cmake_clean_first': False, 'cmake_force_configure': False, 'cmake_target': None, 'cmake_target_skip_unavailable': False, 'install_base': '/home/luka/tf_luna_ros2_ws/install/tfluna_ros2', 'merge_install': False, 'path': '/home/luka/tf_luna_ros2_ws/src/tfluna_ros2', 'symlink_install': False, 'test_result_base': None}
[0.814s] INFO:colcon.colcon_core.executor:Executing jobs using 'parallel' executor
[0.816s] DEBUG:colcon.colcon_parallel_executor.executor.parallel:run_until_complete
[0.817s] INFO:colcon.colcon_ros.task.ament_cmake.build:Building ROS package in '/home/luka/tf_luna_ros2_ws/src/tfluna_ros2' with build type 'ament_cmake'
[0.817s] INFO:colcon.colcon_cmake.task.cmake.build:Building CMake package in '/home/luka/tf_luna_ros2_ws/src/tfluna_ros2'
[0.822s] INFO:colcon.colcon_core.plugin_system:Skipping extension 'colcon_core.shell.bat': Not used on non-Windows systems
[0.822s] INFO:colcon.colcon_core.shell:Skip shell extension 'powershell' for command environment: Not usable outside of PowerShell
[0.822s] DEBUG:colcon.colcon_core.shell:Skip shell extension 'dsv' for command environment
[0.839s] DEBUG:colcon.colcon_core.event_handler.log_command:Invoking command in '/home/luka/tf_luna_ros2_ws/build/tfluna_ros2': CMAKE_PREFIX_PATH=${CMAKE_PREFIX_PATH}:/opt/ros/humble /usr/bin/cmake --build /home/luka/tf_luna_ros2_ws/build/tfluna_ros2 -- -j6 -l6
[21.247s] DEBUG:colcon.colcon_core.event_handler.log_command:Invoked command in '/home/luka/tf_luna_ros2_ws/build/tfluna_ros2' returned '0': CMAKE_PREFIX_PATH=${CMAKE_PREFIX_PATH}:/opt/ros/humble /usr/bin/cmake --build /home/luka/tf_luna_ros2_ws/build/tfluna_ros2 -- -j6 -l6
[21.271s] DEBUG:colcon.colcon_core.event_handler.log_command:Invoking command in '/home/luka/tf_luna_ros2_ws/build/tfluna_ros2': CMAKE_PREFIX_PATH=${CMAKE_PREFIX_PATH}:/opt/ros/humble /usr/bin/cmake --install /home/luka/tf_luna_ros2_ws/build/tfluna_ros2
[21.384s] Level 1:colcon.colcon_core.environment:create_environment_scripts_only(tfluna_ros2)
[21.386s] DEBUG:colcon.colcon_core.event_handler.log_command:Invoked command in '/home/luka/tf_luna_ros2_ws/build/tfluna_ros2' returned '0': CMAKE_PREFIX_PATH=${CMAKE_PREFIX_PATH}:/opt/ros/humble /usr/bin/cmake --install /home/luka/tf_luna_ros2_ws/build/tfluna_ros2
[21.394s] Level 1:colcon.colcon_core.environment:checking '/home/luka/tf_luna_ros2_ws/install/tfluna_ros2' for CMake module files
[21.396s] Level 1:colcon.colcon_core.environment:checking '/home/luka/tf_luna_ros2_ws/install/tfluna_ros2' for CMake config files
[21.397s] Level 1:colcon.colcon_core.shell:create_environment_hook('tfluna_ros2', 'cmake_prefix_path')
[21.398s] INFO:colcon.colcon_core.shell:Creating environment hook '/home/luka/tf_luna_ros2_ws/install/tfluna_ros2/share/tfluna_ros2/hook/cmake_prefix_path.ps1'
[21.400s] INFO:colcon.colcon_core.shell:Creating environment descriptor '/home/luka/tf_luna_ros2_ws/install/tfluna_ros2/share/tfluna_ros2/hook/cmake_prefix_path.dsv'
[21.402s] INFO:colcon.colcon_core.shell:Creating environment hook '/home/luka/tf_luna_ros2_ws/install/tfluna_ros2/share/tfluna_ros2/hook/cmake_prefix_path.sh'
[21.405s] Level 1:colcon.colcon_core.environment:checking '/home/luka/tf_luna_ros2_ws/install/tfluna_ros2/lib'
[21.406s] Level 1:colcon.colcon_core.shell:create_environment_hook('tfluna_ros2', 'ld_library_path_lib')
[21.406s] INFO:colcon.colcon_core.shell:Creating environment hook '/home/luka/tf_luna_ros2_ws/install/tfluna_ros2/share/tfluna_ros2/hook/ld_library_path_lib.ps1'
[21.408s] INFO:colcon.colcon_core.shell:Creating environment descriptor '/home/luka/tf_luna_ros2_ws/install/tfluna_ros2/share/tfluna_ros2/hook/ld_library_path_lib.dsv'
[21.409s] INFO:colcon.colcon_core.shell:Creating environment hook '/home/luka/tf_luna_ros2_ws/install/tfluna_ros2/share/tfluna_ros2/hook/ld_library_path_lib.sh'
[21.410s] Level 1:colcon.colcon_core.environment:checking '/home/luka/tf_luna_ros2_ws/install/tfluna_ros2/bin'
[21.411s] Level 1:colcon.colcon_core.environment:checking '/home/luka/tf_luna_ros2_ws/install/tfluna_ros2/lib/pkgconfig/tfluna_ros2.pc'
[21.412s] Level 1:colcon.colcon_core.environment:checking '/home/luka/tf_luna_ros2_ws/install/tfluna_ros2/lib/python3.10/site-packages'
[21.412s] Level 1:colcon.colcon_core.shell:create_environment_hook('tfluna_ros2', 'pythonpath')
[21.413s] INFO:colcon.colcon_core.shell:Creating environment hook '/home/luka/tf_luna_ros2_ws/install/tfluna_ros2/share/tfluna_ros2/hook/pythonpath.ps1'
[21.414s] INFO:colcon.colcon_core.shell:Creating environment descriptor '/home/luka/tf_luna_ros2_ws/install/tfluna_ros2/share/tfluna_ros2/hook/pythonpath.dsv'
[21.415s] INFO:colcon.colcon_core.shell:Creating environment hook '/home/luka/tf_luna_ros2_ws/install/tfluna_ros2/share/tfluna_ros2/hook/pythonpath.sh'
[21.417s] Level 1:colcon.colcon_core.environment:checking '/home/luka/tf_luna_ros2_ws/install/tfluna_ros2/bin'
[21.419s] INFO:colcon.colcon_core.shell:Creating package script '/home/luka/tf_luna_ros2_ws/install/tfluna_ros2/share/tfluna_ros2/package.ps1'
[21.422s] INFO:colcon.colcon_core.shell:Creating package descriptor '/home/luka/tf_luna_ros2_ws/install/tfluna_ros2/share/tfluna_ros2/package.dsv'
[21.424s] INFO:colcon.colcon_core.shell:Creating package script '/home/luka/tf_luna_ros2_ws/install/tfluna_ros2/share/tfluna_ros2/package.sh'
[21.427s] INFO:colcon.colcon_core.shell:Creating package script '/home/luka/tf_luna_ros2_ws/install/tfluna_ros2/share/tfluna_ros2/package.bash'
[21.430s] INFO:colcon.colcon_core.shell:Creating package script '/home/luka/tf_luna_ros2_ws/install/tfluna_ros2/share/tfluna_ros2/package.zsh'
[21.433s] Level 1:colcon.colcon_core.environment:create_file_with_runtime_dependencies(/home/luka/tf_luna_ros2_ws/install/tfluna_ros2/share/colcon-core/packages/tfluna_ros2)
[21.435s] Level 1:colcon.colcon_core.environment:create_environment_scripts_only(tfluna_ros2)
[21.436s] Level 1:colcon.colcon_core.environment:checking '/home/luka/tf_luna_ros2_ws/install/tfluna_ros2' for CMake module files
[21.437s] Level 1:colcon.colcon_core.environment:checking '/home/luka/tf_luna_ros2_ws/install/tfluna_ros2' for CMake config files
[21.438s] Level 1:colcon.colcon_core.shell:create_environment_hook('tfluna_ros2', 'cmake_prefix_path')
[21.439s] INFO:colcon.colcon_core.shell:Creating environment hook '/home/luka/tf_luna_ros2_ws/install/tfluna_ros2/share/tfluna_ros2/hook/cmake_prefix_path.ps1'
[21.441s] INFO:colcon.colcon_core.shell:Creating environment descriptor '/home/luka/tf_luna_ros2_ws/install/tfluna_ros2/share/tfluna_ros2/hook/cmake_prefix_path.dsv'
[21.442s] INFO:colcon.colcon_core.shell:Creating environment hook '/home/luka/tf_luna_ros2_ws/install/tfluna_ros2/share/tfluna_ros2/hook/cmake_prefix_path.sh'
[21.443s] Level 1:colcon.colcon_core.environment:checking '/home/luka/tf_luna_ros2_ws/install/tfluna_ros2/lib'
[21.444s] Level 1:colcon.colcon_core.shell:create_environment_hook('tfluna_ros2', 'ld_library_path_lib')
[21.444s] INFO:colcon.colcon_core.shell:Creating environment hook '/home/luka/tf_luna_ros2_ws/install/tfluna_ros2/share/tfluna_ros2/hook/ld_library_path_lib.ps1'
[21.446s] INFO:colcon.colcon_core.shell:Creating environment descriptor '/home/luka/tf_luna_ros2_ws/install/tfluna_ros2/share/tfluna_ros2/hook/ld_library_path_lib.dsv'
[21.447s] INFO:colcon.colcon_core.shell:Creating environment hook '/home/luka/tf_luna_ros2_ws/install/tfluna_ros2/share/tfluna_ros2/hook/ld_library_path_lib.sh'
[21.448s] Level 1:colcon.colcon_core.environment:checking '/home/luka/tf_luna_ros2_ws/install/tfluna_ros2/bin'
[21.448s] Level 1:colcon.colcon_core.environment:checking '/home/luka/tf_luna_ros2_ws/install/tfluna_ros2/lib/pkgconfig/tfluna_ros2.pc'
[21.449s] Level 1:colcon.colcon_core.environment:checking '/home/luka/tf_luna_ros2_ws/install/tfluna_ros2/lib/python3.10/site-packages'
[21.449s] Level 1:colcon.colcon_core.shell:create_environment_hook('tfluna_ros2', 'pythonpath')
[21.449s] INFO:colcon.colcon_core.shell:Creating environment hook '/home/luka/tf_luna_ros2_ws/install/tfluna_ros2/share/tfluna_ros2/hook/pythonpath.ps1'
[21.451s] INFO:colcon.colcon_core.shell:Creating environment descriptor '/home/luka/tf_luna_ros2_ws/install/tfluna_ros2/share/tfluna_ros2/hook/pythonpath.dsv'
[21.452s] INFO:colcon.colcon_core.shell:Creating environment hook '/home/luka/tf_luna_ros2_ws/install/tfluna_ros2/share/tfluna_ros2/hook/pythonpath.sh'
[21.453s] Level 1:colcon.colcon_core.environment:checking '/home/luka/tf_luna_ros2_ws/install/tfluna_ros2/bin'
[21.454s] INFO:colcon.colcon_core.shell:Creating package script '/home/luka/tf_luna_ros2_ws/install/tfluna_ros2/share/tfluna_ros2/package.ps1'
[21.456s] INFO:colcon.colcon_core.shell:Creating package descriptor '/home/luka/tf_luna_ros2_ws/install/tfluna_ros2/share/tfluna_ros2/package.dsv'
[21.458s] INFO:colcon.colcon_core.shell:Creating package script '/home/luka/tf_luna_ros2_ws/install/tfluna_ros2/share/tfluna_ros2/package.sh'
[21.459s] INFO:colcon.colcon_core.shell:Creating package script '/home/luka/tf_luna_ros2_ws/install/tfluna_ros2/share/tfluna_ros2/package.bash'
[21.460s] INFO:colcon.colcon_core.shell:Creating package script '/home/luka/tf_luna_ros2_ws/install/tfluna_ros2/share/tfluna_ros2/package.zsh'
[21.461s] Level 1:colcon.colcon_core.environment:create_file_with_runtime_dependencies(/home/luka/tf_luna_ros2_ws/install/tfluna_ros2/share/colcon-core/packages/tfluna_ros2)
[21.462s] DEBUG:colcon.colcon_parallel_executor.executor.parallel:closing loop
[21.463s] DEBUG:colcon.colcon_parallel_executor.executor.parallel:loop closed
[21.463s] DEBUG:colcon.colcon_parallel_executor.executor.parallel:run_until_complete finished with '0'
[21.463s] DEBUG:colcon.colcon_core.event_reactor:joining thread
[21.482s] INFO:colcon.colcon_core.plugin_system:Skipping extension 'colcon_notification.desktop_notification.terminal_notifier': Not used on non-Darwin systems
[21.483s] INFO:colcon.colcon_core.plugin_system:Skipping extension 'colcon_notification.desktop_notification.win32': Not used on non-Windows systems
[21.483s] INFO:colcon.colcon_notification.desktop_notification:Sending desktop notification using 'notify2'
[21.525s] DEBUG:colcon.colcon_core.event_reactor:joined thread
[21.526s] INFO:colcon.colcon_core.shell:Creating prefix script '/home/luka/tf_luna_ros2_ws/install/local_setup.ps1'
[21.530s] INFO:colcon.colcon_core.shell:Creating prefix util module '/home/luka/tf_luna_ros2_ws/install/_local_setup_util_ps1.py'
[21.534s] INFO:colcon.colcon_core.shell:Creating prefix chain script '/home/luka/tf_luna_ros2_ws/install/setup.ps1'
[21.538s] INFO:colcon.colcon_core.shell:Creating prefix script '/home/luka/tf_luna_ros2_ws/install/local_setup.sh'
[21.539s] INFO:colcon.colcon_core.shell:Creating prefix util module '/home/luka/tf_luna_ros2_ws/install/_local_setup_util_sh.py'
[21.541s] INFO:colcon.colcon_core.shell:Creating prefix chain script '/home/luka/tf_luna_ros2_ws/install/setup.sh'
[21.544s] INFO:colcon.colcon_core.shell:Creating prefix script '/home/luka/tf_luna_ros2_ws/install/local_setup.bash'
[21.545s] INFO:colcon.colcon_core.shell:Creating prefix chain script '/home/luka/tf_luna_ros2_ws/install/setup.bash'
[21.547s] INFO:colcon.colcon_core.shell:Creating prefix script '/home/luka/tf_luna_ros2_ws/install/local_setup.zsh'
[21.549s] INFO:colcon.colcon_core.shell:Creating prefix chain script '/home/luka/tf_luna_ros2_ws/install/setup.zsh'
