-- Found ament_cmake: 1.3.12 (/opt/ros/humble/share/ament_cmake/cmake)
-- Found rclcpp: 16.0.14 (/opt/ros/humble/share/rclcpp/cmake)
-- Found rosidl_generator_c: 3.1.7 (/opt/ros/humble/share/rosidl_generator_c/cmake)
-- Found rosidl_adapter: 3.1.7 (/opt/ros/humble/share/rosidl_adapter/cmake)
-- Found rosidl_generator_cpp: 3.1.7 (/opt/ros/humble/share/rosidl_generator_cpp/cmake)
-- Using all available rosidl_typesupport_c: rosidl_typesupport_fastrtps_c;rosidl_typesupport_introspection_c
-- Using all available rosidl_typesupport_cpp: rosidl_typesupport_fastrtps_cpp;rosidl_typesupport_introspection_cpp
-- Found rmw_implementation_cmake: 6.1.2 (/opt/ros/humble/share/rmw_implementation_cmake/cmake)
-- Found rmw_fastrtps_cpp: 6.2.8 (/opt/ros/humble/share/rmw_fastrtps_cpp/cmake)
-- Using RMW implementation 'rmw_fastrtps_cpp' as default
-- Found rclcpp_components: 16.0.14 (/opt/ros/humble/share/rclcpp_components/cmake)
-- Found sensor_msgs: 4.9.0 (/opt/ros/humble/share/sensor_msgs/cmake)
-- Found tf2_geometry_msgs: 0.25.16 (/opt/ros/humble/share/tf2_geometry_msgs/cmake)
-- Found eigen3_cmake_module: 0.1.1 (/opt/ros/humble/share/eigen3_cmake_module/cmake)
-- Ensuring Eigen3 include directory is part of orocos-kdl CMake target
-- Found ament_lint_auto: 0.12.14 (/opt/ros/humble/share/ament_lint_auto/cmake)
-- Configuring done
-- Generating done
-- Build files have been written to: /home/luka/tf_luna_ros2_ws/build/tfluna_ros2
[35m[1mConsolidate compiler generated dependencies of target tfluna_publisher_component[0m
[35m[1mConsolidate compiler generated dependencies of target tfluna_publisher_cpp[0m
[ 16%] [32mBuilding CXX object CMakeFiles/tfluna_i2c_publisher_cpp.dir/src/tfluna_i2c_publisher_cpp.cpp.o[0m
[ 50%] [32mBuilding CXX object CMakeFiles/tfluna_publisher_component.dir/src/tfluna_publisher_cpp.cpp.o[0m
[ 50%] [32mBuilding CXX object CMakeFiles/tfluna_publisher_cpp.dir/src/tfluna_publisher_cpp.cpp.o[0m
[ 66%] [32m[1mLinking CXX executable tfluna_i2c_publisher_cpp[0m
[ 83%] [32m[1mLinking CXX executable tfluna_publisher_cpp[0m
/usr/bin/ld: CMakeFiles/tfluna_i2c_publisher_cpp.dir/src/tfluna_i2c_publisher_cpp.cpp.o: in function `tfluna_ros2::TFLunaI2CPublisher::read_tfluna_data()':
tfluna_i2c_publisher_cpp.cpp:(.text._ZN11tfluna_ros218TFLunaI2CPublisher16read_tfluna_dataEv[_ZN11tfluna_ros218TFLunaI2CPublisher16read_tfluna_dataEv]+0x58): undefined reference to `i2c_smbus_write_byte(int, unsigned char)'
collect2: error: ld returned 1 exit status
gmake[2]: *** [CMakeFiles/tfluna_i2c_publisher_cpp.dir/build.make:216: tfluna_i2c_publisher_cpp] Error 1
gmake[1]: *** [CMakeFiles/Makefile2:167: CMakeFiles/tfluna_i2c_publisher_cpp.dir/all] Error 2
gmake[1]: *** Waiting for unfinished jobs....
[ 83%] Built target tfluna_publisher_cpp
[100%] [32m[1mLinking CXX shared library libtfluna_publisher_component.so[0m
[100%] Built target tfluna_publisher_component
gmake: *** [Makefile:146: all] Error 2
