[0.241s] DEBUG:colcon:Command line arguments: ['/usr/bin/colcon', 'build', '--packages-select', 'tfluna_ros2', '--cmake-args', '-DCMAKE_BUILD_TYPE=Release']
[0.242s] DEBUG:colcon:Parsed command line arguments: Namespace(log_base=None, log_level=None, verb_name='build', build_base='build', install_base='install', merge_install=False, symlink_install=False, test_result_base=None, continue_on_error=False, executor='parallel', parallel_workers=6, event_handlers=None, ignore_user_meta=False, metas=['./colcon.meta'], base_paths=['.'], packages_ignore=None, packages_ignore_regex=None, paths=None, packages_up_to=None, packages_up_to_regex=None, packages_above=None, packages_above_and_dependencies=None, packages_above_depth=None, packages_select_by_dep=None, packages_skip_by_dep=None, packages_skip_up_to=None, packages_select_build_failed=False, packages_skip_build_finished=False, packages_select_test_failures=False, packages_skip_test_passed=False, packages_select=['tfluna_ros2'], packages_skip=None, packages_select_regex=None, packages_skip_regex=None, packages_start=None, packages_end=None, allow_overriding=[], cmake_args=['-DCMAKE_BUILD_TYPE=Release'], cmake_target=None, cmake_target_skip_unavailable=False, cmake_clean_cache=False, cmake_clean_first=False, cmake_force_configure=False, ament_cmake_args=None, catkin_cmake_args=None, catkin_skip_building_tests=False, verb_parser=<colcon_defaults.argument_parser.defaults.DefaultArgumentsDecorator object at 0xffff8f3c3550>, verb_extension=<colcon_core.verb.build.BuildVerb object at 0xffff8f5009d0>, main=<bound method BuildVerb.main of <colcon_core.verb.build.BuildVerb object at 0xffff8f5009d0>>)
[0.613s] Level 1:colcon.colcon_core.package_discovery:discover_packages(colcon_meta) check parameters
[0.614s] Level 1:colcon.colcon_core.package_discovery:discover_packages(recursive) check parameters
[0.614s] Level 1:colcon.colcon_core.package_discovery:discover_packages(ignore) check parameters
[0.614s] Level 1:colcon.colcon_core.package_discovery:discover_packages(path) check parameters
[0.614s] Level 1:colcon.colcon_core.package_discovery:discover_packages(colcon_meta) discover
[0.614s] Level 1:colcon.colcon_core.package_discovery:discover_packages(recursive) discover
[0.614s] INFO:colcon.colcon_core.package_discovery:Crawling recursively for packages in '/home/luka/tf_luna_ros2_ws'
[0.615s] Level 1:colcon.colcon_core.package_identification:_identify(.) by extensions ['ignore', 'ignore_ament_install']
[0.615s] Level 1:colcon.colcon_core.package_identification:_identify(.) by extension 'ignore'
[0.615s] Level 1:colcon.colcon_core.package_identification:_identify(.) by extension 'ignore_ament_install'
[0.615s] Level 1:colcon.colcon_core.package_identification:_identify(.) by extensions ['colcon_pkg']
[0.615s] Level 1:colcon.colcon_core.package_identification:_identify(.) by extension 'colcon_pkg'
[0.615s] Level 1:colcon.colcon_core.package_identification:_identify(.) by extensions ['colcon_meta']
[0.616s] Level 1:colcon.colcon_core.package_identification:_identify(.) by extension 'colcon_meta'
[0.616s] Level 1:colcon.colcon_core.package_identification:_identify(.) by extensions ['ros']
[0.616s] Level 1:colcon.colcon_core.package_identification:_identify(.) by extension 'ros'
[0.641s] Level 1:colcon.colcon_core.package_identification:_identify(.) by extensions ['cmake', 'python']
[0.642s] Level 1:colcon.colcon_core.package_identification:_identify(.) by extension 'cmake'
[0.642s] Level 1:colcon.colcon_core.package_identification:_identify(.) by extension 'python'
[0.642s] Level 1:colcon.colcon_core.package_identification:_identify(.) by extensions ['python_setup_py']
[0.642s] Level 1:colcon.colcon_core.package_identification:_identify(.) by extension 'python_setup_py'
[0.642s] Level 1:colcon.colcon_core.package_identification:_identify(build) by extensions ['ignore', 'ignore_ament_install']
[0.643s] Level 1:colcon.colcon_core.package_identification:_identify(build) by extension 'ignore'
[0.643s] Level 1:colcon.colcon_core.package_identification:_identify(build) ignored
[0.643s] Level 1:colcon.colcon_core.package_identification:_identify(images) by extensions ['ignore', 'ignore_ament_install']
[0.643s] Level 1:colcon.colcon_core.package_identification:_identify(images) by extension 'ignore'
[0.643s] Level 1:colcon.colcon_core.package_identification:_identify(images) by extension 'ignore_ament_install'
[0.644s] Level 1:colcon.colcon_core.package_identification:_identify(images) by extensions ['colcon_pkg']
[0.644s] Level 1:colcon.colcon_core.package_identification:_identify(images) by extension 'colcon_pkg'
[0.644s] Level 1:colcon.colcon_core.package_identification:_identify(images) by extensions ['colcon_meta']
[0.644s] Level 1:colcon.colcon_core.package_identification:_identify(images) by extension 'colcon_meta'
[0.644s] Level 1:colcon.colcon_core.package_identification:_identify(images) by extensions ['ros']
[0.644s] Level 1:colcon.colcon_core.package_identification:_identify(images) by extension 'ros'
[0.644s] Level 1:colcon.colcon_core.package_identification:_identify(images) by extensions ['cmake', 'python']
[0.644s] Level 1:colcon.colcon_core.package_identification:_identify(images) by extension 'cmake'
[0.644s] Level 1:colcon.colcon_core.package_identification:_identify(images) by extension 'python'
[0.645s] Level 1:colcon.colcon_core.package_identification:_identify(images) by extensions ['python_setup_py']
[0.645s] Level 1:colcon.colcon_core.package_identification:_identify(images) by extension 'python_setup_py'
[0.645s] Level 1:colcon.colcon_core.package_identification:_identify(install) by extensions ['ignore', 'ignore_ament_install']
[0.645s] Level 1:colcon.colcon_core.package_identification:_identify(install) by extension 'ignore'
[0.645s] Level 1:colcon.colcon_core.package_identification:_identify(install) ignored
[0.645s] Level 1:colcon.colcon_core.package_identification:_identify(log) by extensions ['ignore', 'ignore_ament_install']
[0.646s] Level 1:colcon.colcon_core.package_identification:_identify(log) by extension 'ignore'
[0.646s] Level 1:colcon.colcon_core.package_identification:_identify(log) ignored
[0.646s] Level 1:colcon.colcon_core.package_identification:_identify(src) by extensions ['ignore', 'ignore_ament_install']
[0.646s] Level 1:colcon.colcon_core.package_identification:_identify(src) by extension 'ignore'
[0.646s] Level 1:colcon.colcon_core.package_identification:_identify(src) by extension 'ignore_ament_install'
[0.646s] Level 1:colcon.colcon_core.package_identification:_identify(src) by extensions ['colcon_pkg']
[0.646s] Level 1:colcon.colcon_core.package_identification:_identify(src) by extension 'colcon_pkg'
[0.647s] Level 1:colcon.colcon_core.package_identification:_identify(src) by extensions ['colcon_meta']
[0.647s] Level 1:colcon.colcon_core.package_identification:_identify(src) by extension 'colcon_meta'
[0.647s] Level 1:colcon.colcon_core.package_identification:_identify(src) by extensions ['ros']
[0.647s] Level 1:colcon.colcon_core.package_identification:_identify(src) by extension 'ros'
[0.647s] Level 1:colcon.colcon_core.package_identification:_identify(src) by extensions ['cmake', 'python']
[0.647s] Level 1:colcon.colcon_core.package_identification:_identify(src) by extension 'cmake'
[0.647s] Level 1:colcon.colcon_core.package_identification:_identify(src) by extension 'python'
[0.647s] Level 1:colcon.colcon_core.package_identification:_identify(src) by extensions ['python_setup_py']
[0.647s] Level 1:colcon.colcon_core.package_identification:_identify(src) by extension 'python_setup_py'
[0.648s] Level 1:colcon.colcon_core.package_identification:_identify(src/tfluna_ros2) by extensions ['ignore', 'ignore_ament_install']
[0.648s] Level 1:colcon.colcon_core.package_identification:_identify(src/tfluna_ros2) by extension 'ignore'
[0.648s] Level 1:colcon.colcon_core.package_identification:_identify(src/tfluna_ros2) by extension 'ignore_ament_install'
[0.648s] Level 1:colcon.colcon_core.package_identification:_identify(src/tfluna_ros2) by extensions ['colcon_pkg']
[0.648s] Level 1:colcon.colcon_core.package_identification:_identify(src/tfluna_ros2) by extension 'colcon_pkg'
[0.648s] Level 1:colcon.colcon_core.package_identification:_identify(src/tfluna_ros2) by extensions ['colcon_meta']
[0.648s] Level 1:colcon.colcon_core.package_identification:_identify(src/tfluna_ros2) by extension 'colcon_meta'
[0.649s] Level 1:colcon.colcon_core.package_identification:_identify(src/tfluna_ros2) by extensions ['ros']
[0.649s] Level 1:colcon.colcon_core.package_identification:_identify(src/tfluna_ros2) by extension 'ros'
[0.655s] DEBUG:colcon.colcon_core.package_identification:Package 'src/tfluna_ros2' with type 'ros.ament_cmake' and name 'tfluna_ros2'
[0.655s] Level 1:colcon.colcon_core.package_discovery:discover_packages(recursive) using defaults
[0.655s] Level 1:colcon.colcon_core.package_discovery:discover_packages(ignore) discover
[0.655s] Level 1:colcon.colcon_core.package_discovery:discover_packages(ignore) using defaults
[0.655s] Level 1:colcon.colcon_core.package_discovery:discover_packages(path) discover
[0.656s] Level 1:colcon.colcon_core.package_discovery:discover_packages(path) using defaults
[0.698s] Level 1:colcon.colcon_core.package_discovery:discover_packages(prefix_path) check parameters
[0.698s] Level 1:colcon.colcon_core.package_discovery:discover_packages(prefix_path) discover
[0.702s] DEBUG:colcon.colcon_installed_package_information.package_discovery:Found 1 installed packages in /home/luka/tf_luna_ros2_ws/install
[0.705s] DEBUG:colcon.colcon_installed_package_information.package_discovery:Found 274 installed packages in /opt/ros/humble
[0.710s] Level 1:colcon.colcon_core.package_discovery:discover_packages(prefix_path) using defaults
[0.823s] Level 5:colcon.colcon_core.verb:set package 'tfluna_ros2' build argument 'cmake_args' from command line to '['-DCMAKE_BUILD_TYPE=Release']'
[0.823s] Level 5:colcon.colcon_core.verb:set package 'tfluna_ros2' build argument 'cmake_target' from command line to 'None'
[0.823s] Level 5:colcon.colcon_core.verb:set package 'tfluna_ros2' build argument 'cmake_target_skip_unavailable' from command line to 'False'
[0.823s] Level 5:colcon.colcon_core.verb:set package 'tfluna_ros2' build argument 'cmake_clean_cache' from command line to 'False'
[0.823s] Level 5:colcon.colcon_core.verb:set package 'tfluna_ros2' build argument 'cmake_clean_first' from command line to 'False'
[0.823s] Level 5:colcon.colcon_core.verb:set package 'tfluna_ros2' build argument 'cmake_force_configure' from command line to 'False'
[0.823s] Level 5:colcon.colcon_core.verb:set package 'tfluna_ros2' build argument 'ament_cmake_args' from command line to 'None'
[0.823s] Level 5:colcon.colcon_core.verb:set package 'tfluna_ros2' build argument 'catkin_cmake_args' from command line to 'None'
[0.823s] Level 5:colcon.colcon_core.verb:set package 'tfluna_ros2' build argument 'catkin_skip_building_tests' from command line to 'False'
[0.823s] DEBUG:colcon.colcon_core.verb:Building package 'tfluna_ros2' with the following arguments: {'ament_cmake_args': None, 'build_base': '/home/luka/tf_luna_ros2_ws/build/tfluna_ros2', 'catkin_cmake_args': None, 'catkin_skip_building_tests': False, 'cmake_args': ['-DCMAKE_BUILD_TYPE=Release'], 'cmake_clean_cache': False, 'cmake_clean_first': False, 'cmake_force_configure': False, 'cmake_target': None, 'cmake_target_skip_unavailable': False, 'install_base': '/home/luka/tf_luna_ros2_ws/install/tfluna_ros2', 'merge_install': False, 'path': '/home/luka/tf_luna_ros2_ws/src/tfluna_ros2', 'symlink_install': False, 'test_result_base': None}
[0.824s] INFO:colcon.colcon_core.executor:Executing jobs using 'parallel' executor
[0.826s] DEBUG:colcon.colcon_parallel_executor.executor.parallel:run_until_complete
[0.827s] INFO:colcon.colcon_ros.task.ament_cmake.build:Building ROS package in '/home/luka/tf_luna_ros2_ws/src/tfluna_ros2' with build type 'ament_cmake'
[0.827s] INFO:colcon.colcon_cmake.task.cmake.build:Building CMake package in '/home/luka/tf_luna_ros2_ws/src/tfluna_ros2'
[0.832s] INFO:colcon.colcon_core.plugin_system:Skipping extension 'colcon_core.shell.bat': Not used on non-Windows systems
[0.832s] INFO:colcon.colcon_core.shell:Skip shell extension 'powershell' for command environment: Not usable outside of PowerShell
[0.833s] DEBUG:colcon.colcon_core.shell:Skip shell extension 'dsv' for command environment
[0.849s] DEBUG:colcon.colcon_core.event_handler.log_command:Invoking command in '/home/luka/tf_luna_ros2_ws/build/tfluna_ros2': CMAKE_PREFIX_PATH=${CMAKE_PREFIX_PATH}:/opt/ros/humble /usr/bin/cmake --build /home/luka/tf_luna_ros2_ws/build/tfluna_ros2 -- -j6 -l6
[21.173s] DEBUG:colcon.colcon_core.event_handler.log_command:Invoked command in '/home/luka/tf_luna_ros2_ws/build/tfluna_ros2' returned '0': CMAKE_PREFIX_PATH=${CMAKE_PREFIX_PATH}:/opt/ros/humble /usr/bin/cmake --build /home/luka/tf_luna_ros2_ws/build/tfluna_ros2 -- -j6 -l6
[21.198s] DEBUG:colcon.colcon_core.event_handler.log_command:Invoking command in '/home/luka/tf_luna_ros2_ws/build/tfluna_ros2': CMAKE_PREFIX_PATH=${CMAKE_PREFIX_PATH}:/opt/ros/humble /usr/bin/cmake --install /home/luka/tf_luna_ros2_ws/build/tfluna_ros2
[21.310s] Level 1:colcon.colcon_core.environment:create_environment_scripts_only(tfluna_ros2)
[21.311s] DEBUG:colcon.colcon_core.event_handler.log_command:Invoked command in '/home/luka/tf_luna_ros2_ws/build/tfluna_ros2' returned '0': CMAKE_PREFIX_PATH=${CMAKE_PREFIX_PATH}:/opt/ros/humble /usr/bin/cmake --install /home/luka/tf_luna_ros2_ws/build/tfluna_ros2
[21.319s] Level 1:colcon.colcon_core.environment:checking '/home/luka/tf_luna_ros2_ws/install/tfluna_ros2' for CMake module files
[21.321s] Level 1:colcon.colcon_core.environment:checking '/home/luka/tf_luna_ros2_ws/install/tfluna_ros2' for CMake config files
[21.322s] Level 1:colcon.colcon_core.shell:create_environment_hook('tfluna_ros2', 'cmake_prefix_path')
[21.323s] INFO:colcon.colcon_core.shell:Creating environment hook '/home/luka/tf_luna_ros2_ws/install/tfluna_ros2/share/tfluna_ros2/hook/cmake_prefix_path.ps1'
[21.326s] INFO:colcon.colcon_core.shell:Creating environment descriptor '/home/luka/tf_luna_ros2_ws/install/tfluna_ros2/share/tfluna_ros2/hook/cmake_prefix_path.dsv'
[21.327s] INFO:colcon.colcon_core.shell:Creating environment hook '/home/luka/tf_luna_ros2_ws/install/tfluna_ros2/share/tfluna_ros2/hook/cmake_prefix_path.sh'
[21.331s] Level 1:colcon.colcon_core.environment:checking '/home/luka/tf_luna_ros2_ws/install/tfluna_ros2/lib'
[21.332s] Level 1:colcon.colcon_core.shell:create_environment_hook('tfluna_ros2', 'ld_library_path_lib')
[21.332s] INFO:colcon.colcon_core.shell:Creating environment hook '/home/luka/tf_luna_ros2_ws/install/tfluna_ros2/share/tfluna_ros2/hook/ld_library_path_lib.ps1'
[21.334s] INFO:colcon.colcon_core.shell:Creating environment descriptor '/home/luka/tf_luna_ros2_ws/install/tfluna_ros2/share/tfluna_ros2/hook/ld_library_path_lib.dsv'
[21.335s] INFO:colcon.colcon_core.shell:Creating environment hook '/home/luka/tf_luna_ros2_ws/install/tfluna_ros2/share/tfluna_ros2/hook/ld_library_path_lib.sh'
[21.337s] Level 1:colcon.colcon_core.environment:checking '/home/luka/tf_luna_ros2_ws/install/tfluna_ros2/bin'
[21.337s] Level 1:colcon.colcon_core.environment:checking '/home/luka/tf_luna_ros2_ws/install/tfluna_ros2/lib/pkgconfig/tfluna_ros2.pc'
[21.338s] Level 1:colcon.colcon_core.environment:checking '/home/luka/tf_luna_ros2_ws/install/tfluna_ros2/lib/python3.10/site-packages'
[21.338s] Level 1:colcon.colcon_core.shell:create_environment_hook('tfluna_ros2', 'pythonpath')
[21.339s] INFO:colcon.colcon_core.shell:Creating environment hook '/home/luka/tf_luna_ros2_ws/install/tfluna_ros2/share/tfluna_ros2/hook/pythonpath.ps1'
[21.341s] INFO:colcon.colcon_core.shell:Creating environment descriptor '/home/luka/tf_luna_ros2_ws/install/tfluna_ros2/share/tfluna_ros2/hook/pythonpath.dsv'
[21.342s] INFO:colcon.colcon_core.shell:Creating environment hook '/home/luka/tf_luna_ros2_ws/install/tfluna_ros2/share/tfluna_ros2/hook/pythonpath.sh'
[21.344s] Level 1:colcon.colcon_core.environment:checking '/home/luka/tf_luna_ros2_ws/install/tfluna_ros2/bin'
[21.345s] INFO:colcon.colcon_core.shell:Creating package script '/home/luka/tf_luna_ros2_ws/install/tfluna_ros2/share/tfluna_ros2/package.ps1'
[21.349s] INFO:colcon.colcon_core.shell:Creating package descriptor '/home/luka/tf_luna_ros2_ws/install/tfluna_ros2/share/tfluna_ros2/package.dsv'
[21.351s] INFO:colcon.colcon_core.shell:Creating package script '/home/luka/tf_luna_ros2_ws/install/tfluna_ros2/share/tfluna_ros2/package.sh'
[21.354s] INFO:colcon.colcon_core.shell:Creating package script '/home/luka/tf_luna_ros2_ws/install/tfluna_ros2/share/tfluna_ros2/package.bash'
[21.357s] INFO:colcon.colcon_core.shell:Creating package script '/home/luka/tf_luna_ros2_ws/install/tfluna_ros2/share/tfluna_ros2/package.zsh'
[21.360s] Level 1:colcon.colcon_core.environment:create_file_with_runtime_dependencies(/home/luka/tf_luna_ros2_ws/install/tfluna_ros2/share/colcon-core/packages/tfluna_ros2)
[21.362s] Level 1:colcon.colcon_core.environment:create_environment_scripts_only(tfluna_ros2)
[21.363s] Level 1:colcon.colcon_core.environment:checking '/home/luka/tf_luna_ros2_ws/install/tfluna_ros2' for CMake module files
[21.365s] Level 1:colcon.colcon_core.environment:checking '/home/luka/tf_luna_ros2_ws/install/tfluna_ros2' for CMake config files
[21.365s] Level 1:colcon.colcon_core.shell:create_environment_hook('tfluna_ros2', 'cmake_prefix_path')
[21.366s] INFO:colcon.colcon_core.shell:Creating environment hook '/home/luka/tf_luna_ros2_ws/install/tfluna_ros2/share/tfluna_ros2/hook/cmake_prefix_path.ps1'
[21.367s] INFO:colcon.colcon_core.shell:Creating environment descriptor '/home/luka/tf_luna_ros2_ws/install/tfluna_ros2/share/tfluna_ros2/hook/cmake_prefix_path.dsv'
[21.369s] INFO:colcon.colcon_core.shell:Creating environment hook '/home/luka/tf_luna_ros2_ws/install/tfluna_ros2/share/tfluna_ros2/hook/cmake_prefix_path.sh'
[21.370s] Level 1:colcon.colcon_core.environment:checking '/home/luka/tf_luna_ros2_ws/install/tfluna_ros2/lib'
[21.371s] Level 1:colcon.colcon_core.shell:create_environment_hook('tfluna_ros2', 'ld_library_path_lib')
[21.371s] INFO:colcon.colcon_core.shell:Creating environment hook '/home/luka/tf_luna_ros2_ws/install/tfluna_ros2/share/tfluna_ros2/hook/ld_library_path_lib.ps1'
[21.372s] INFO:colcon.colcon_core.shell:Creating environment descriptor '/home/luka/tf_luna_ros2_ws/install/tfluna_ros2/share/tfluna_ros2/hook/ld_library_path_lib.dsv'
[21.373s] INFO:colcon.colcon_core.shell:Creating environment hook '/home/luka/tf_luna_ros2_ws/install/tfluna_ros2/share/tfluna_ros2/hook/ld_library_path_lib.sh'
[21.374s] Level 1:colcon.colcon_core.environment:checking '/home/luka/tf_luna_ros2_ws/install/tfluna_ros2/bin'
[21.375s] Level 1:colcon.colcon_core.environment:checking '/home/luka/tf_luna_ros2_ws/install/tfluna_ros2/lib/pkgconfig/tfluna_ros2.pc'
[21.375s] Level 1:colcon.colcon_core.environment:checking '/home/luka/tf_luna_ros2_ws/install/tfluna_ros2/lib/python3.10/site-packages'
[21.376s] Level 1:colcon.colcon_core.shell:create_environment_hook('tfluna_ros2', 'pythonpath')
[21.376s] INFO:colcon.colcon_core.shell:Creating environment hook '/home/luka/tf_luna_ros2_ws/install/tfluna_ros2/share/tfluna_ros2/hook/pythonpath.ps1'
[21.377s] INFO:colcon.colcon_core.shell:Creating environment descriptor '/home/luka/tf_luna_ros2_ws/install/tfluna_ros2/share/tfluna_ros2/hook/pythonpath.dsv'
[21.378s] INFO:colcon.colcon_core.shell:Creating environment hook '/home/luka/tf_luna_ros2_ws/install/tfluna_ros2/share/tfluna_ros2/hook/pythonpath.sh'
[21.380s] Level 1:colcon.colcon_core.environment:checking '/home/luka/tf_luna_ros2_ws/install/tfluna_ros2/bin'
[21.381s] INFO:colcon.colcon_core.shell:Creating package script '/home/luka/tf_luna_ros2_ws/install/tfluna_ros2/share/tfluna_ros2/package.ps1'
[21.382s] INFO:colcon.colcon_core.shell:Creating package descriptor '/home/luka/tf_luna_ros2_ws/install/tfluna_ros2/share/tfluna_ros2/package.dsv'
[21.384s] INFO:colcon.colcon_core.shell:Creating package script '/home/luka/tf_luna_ros2_ws/install/tfluna_ros2/share/tfluna_ros2/package.sh'
[21.385s] INFO:colcon.colcon_core.shell:Creating package script '/home/luka/tf_luna_ros2_ws/install/tfluna_ros2/share/tfluna_ros2/package.bash'
[21.386s] INFO:colcon.colcon_core.shell:Creating package script '/home/luka/tf_luna_ros2_ws/install/tfluna_ros2/share/tfluna_ros2/package.zsh'
[21.387s] Level 1:colcon.colcon_core.environment:create_file_with_runtime_dependencies(/home/luka/tf_luna_ros2_ws/install/tfluna_ros2/share/colcon-core/packages/tfluna_ros2)
[21.388s] DEBUG:colcon.colcon_parallel_executor.executor.parallel:closing loop
[21.389s] DEBUG:colcon.colcon_parallel_executor.executor.parallel:loop closed
[21.389s] DEBUG:colcon.colcon_parallel_executor.executor.parallel:run_until_complete finished with '0'
[21.390s] DEBUG:colcon.colcon_core.event_reactor:joining thread
[21.408s] INFO:colcon.colcon_core.plugin_system:Skipping extension 'colcon_notification.desktop_notification.terminal_notifier': Not used on non-Darwin systems
[21.408s] INFO:colcon.colcon_core.plugin_system:Skipping extension 'colcon_notification.desktop_notification.win32': Not used on non-Windows systems
[21.409s] INFO:colcon.colcon_notification.desktop_notification:Sending desktop notification using 'notify2'
[21.452s] DEBUG:colcon.colcon_core.event_reactor:joined thread
[21.453s] INFO:colcon.colcon_core.shell:Creating prefix script '/home/luka/tf_luna_ros2_ws/install/local_setup.ps1'
[21.457s] INFO:colcon.colcon_core.shell:Creating prefix util module '/home/luka/tf_luna_ros2_ws/install/_local_setup_util_ps1.py'
[21.462s] INFO:colcon.colcon_core.shell:Creating prefix chain script '/home/luka/tf_luna_ros2_ws/install/setup.ps1'
[21.466s] INFO:colcon.colcon_core.shell:Creating prefix script '/home/luka/tf_luna_ros2_ws/install/local_setup.sh'
[21.467s] INFO:colcon.colcon_core.shell:Creating prefix util module '/home/luka/tf_luna_ros2_ws/install/_local_setup_util_sh.py'
[21.469s] INFO:colcon.colcon_core.shell:Creating prefix chain script '/home/luka/tf_luna_ros2_ws/install/setup.sh'
[21.472s] INFO:colcon.colcon_core.shell:Creating prefix script '/home/luka/tf_luna_ros2_ws/install/local_setup.bash'
[21.473s] INFO:colcon.colcon_core.shell:Creating prefix chain script '/home/luka/tf_luna_ros2_ws/install/setup.bash'
[21.476s] INFO:colcon.colcon_core.shell:Creating prefix script '/home/luka/tf_luna_ros2_ws/install/local_setup.zsh'
[21.478s] INFO:colcon.colcon_core.shell:Creating prefix chain script '/home/luka/tf_luna_ros2_ws/install/setup.zsh'
