[0.022s] Invoking command in '/home/luka/tf_luna_ros2_ws/build/tfluna_ros2': CMAKE_PREFIX_PATH=${CMAKE_PREFIX_PATH}:/opt/ros/humble /usr/bin/cmake --build /home/luka/tf_luna_ros2_ws/build/tfluna_ros2 -- -j6 -l6
[0.146s] [ 50%] [32mBuilding CXX object CMakeFiles/tfluna_publisher_cpp.dir/src/tfluna_publisher_cpp.cpp.o[0m
[0.147s] [ 50%] [32mBuilding CXX object CMakeFiles/tfluna_publisher_component.dir/src/tfluna_publisher_cpp.cpp.o[0m
[17.984s] [ 75%] [32m[1mLinking CXX shared library libtfluna_publisher_component.so[0m
[18.129s] [100%] [32m[1mLinking CXX executable tfluna_publisher_cpp[0m
[18.275s] [100%] Built target tfluna_publisher_component
[18.432s] [100%] Built target tfluna_publisher_cpp
[18.458s] Invoked command in '/home/luka/tf_luna_ros2_ws/build/tfluna_ros2' returned '0': CMAKE_PREFIX_PATH=${CMAKE_PREFIX_PATH}:/opt/ros/humble /usr/bin/cmake --build /home/luka/tf_luna_ros2_ws/build/tfluna_ros2 -- -j6 -l6
[18.482s] Invoking command in '/home/luka/tf_luna_ros2_ws/build/tfluna_ros2': CMAKE_PREFIX_PATH=${CMAKE_PREFIX_PATH}:/opt/ros/humble /usr/bin/cmake --install /home/luka/tf_luna_ros2_ws/build/tfluna_ros2
[18.498s] -- Install configuration: "Release"
[18.499s] -- Installing: /home/luka/tf_luna_ros2_ws/install/tfluna_ros2/lib/tfluna_ros2/tfluna_publisher_cpp
[18.501s] -- Set runtime path of "/home/luka/tf_luna_ros2_ws/install/tfluna_ros2/lib/tfluna_ros2/tfluna_publisher_cpp" to ""
[18.501s] -- Installing: /home/luka/tf_luna_ros2_ws/install/tfluna_ros2/lib/libtfluna_publisher_component.so
[18.503s] -- Set runtime path of "/home/luka/tf_luna_ros2_ws/install/tfluna_ros2/lib/libtfluna_publisher_component.so" to ""
[18.503s] -- Up-to-date: /home/luka/tf_luna_ros2_ws/install/tfluna_ros2/share/tfluna_ros2//launch
[18.504s] -- Up-to-date: /home/luka/tf_luna_ros2_ws/install/tfluna_ros2/share/tfluna_ros2//launch/dual_tfluna_launch.py
[18.504s] -- Up-to-date: /home/luka/tf_luna_ros2_ws/install/tfluna_ros2/share/tfluna_ros2//launch/tfluna_launch.py
[18.504s] -- Up-to-date: /home/luka/tf_luna_ros2_ws/install/tfluna_ros2/share/tfluna_ros2//config
[18.505s] -- Up-to-date: /home/luka/tf_luna_ros2_ws/install/tfluna_ros2/share/tfluna_ros2//config/tfluna_config.yaml
[18.505s] -- Up-to-date: /home/luka/tf_luna_ros2_ws/install/tfluna_ros2/share/ament_index/resource_index/package_run_dependencies/tfluna_ros2
[18.505s] -- Up-to-date: /home/luka/tf_luna_ros2_ws/install/tfluna_ros2/share/ament_index/resource_index/parent_prefix_path/tfluna_ros2
[18.505s] -- Up-to-date: /home/luka/tf_luna_ros2_ws/install/tfluna_ros2/share/tfluna_ros2/environment/ament_prefix_path.sh
[18.505s] -- Up-to-date: /home/luka/tf_luna_ros2_ws/install/tfluna_ros2/share/tfluna_ros2/environment/ament_prefix_path.dsv
[18.505s] -- Up-to-date: /home/luka/tf_luna_ros2_ws/install/tfluna_ros2/share/tfluna_ros2/environment/path.sh
[18.505s] -- Up-to-date: /home/luka/tf_luna_ros2_ws/install/tfluna_ros2/share/tfluna_ros2/environment/path.dsv
[18.506s] -- Up-to-date: /home/luka/tf_luna_ros2_ws/install/tfluna_ros2/share/tfluna_ros2/local_setup.bash
[18.506s] -- Up-to-date: /home/luka/tf_luna_ros2_ws/install/tfluna_ros2/share/tfluna_ros2/local_setup.sh
[18.506s] -- Up-to-date: /home/luka/tf_luna_ros2_ws/install/tfluna_ros2/share/tfluna_ros2/local_setup.zsh
[18.506s] -- Up-to-date: /home/luka/tf_luna_ros2_ws/install/tfluna_ros2/share/tfluna_ros2/local_setup.dsv
[18.506s] -- Up-to-date: /home/luka/tf_luna_ros2_ws/install/tfluna_ros2/share/tfluna_ros2/package.dsv
[18.506s] -- Up-to-date: /home/luka/tf_luna_ros2_ws/install/tfluna_ros2/share/ament_index/resource_index/packages/tfluna_ros2
[18.506s] -- Up-to-date: /home/luka/tf_luna_ros2_ws/install/tfluna_ros2/share/ament_index/resource_index/rclcpp_components/tfluna_ros2
[18.506s] -- Up-to-date: /home/luka/tf_luna_ros2_ws/install/tfluna_ros2/share/tfluna_ros2/cmake/tfluna_ros2Config.cmake
[18.507s] -- Up-to-date: /home/luka/tf_luna_ros2_ws/install/tfluna_ros2/share/tfluna_ros2/cmake/tfluna_ros2Config-version.cmake
[18.507s] -- Up-to-date: /home/luka/tf_luna_ros2_ws/install/tfluna_ros2/share/tfluna_ros2/package.xml
[18.509s] Invoked command in '/home/luka/tf_luna_ros2_ws/build/tfluna_ros2' returned '0': CMAKE_PREFIX_PATH=${CMAKE_PREFIX_PATH}:/opt/ros/humble /usr/bin/cmake --install /home/luka/tf_luna_ros2_ws/build/tfluna_ros2
