[0.026s] Invoking command in '/home/luka/tf_luna_ros2_ws/build/tfluna_ros2': CMAKE_PREFIX_PATH=${CMAKE_PREFIX_PATH}:/opt/ros/humble /usr/bin/cmake --build /home/luka/tf_luna_ros2_ws/build/tfluna_ros2 -- -j6 -l6
[0.080s] -- Found ament_cmake: 1.3.12 (/opt/ros/humble/share/ament_cmake/cmake)
[0.377s] -- Found rclcpp: 16.0.14 (/opt/ros/humble/share/rclcpp/cmake)
[0.453s] -- Found rosidl_generator_c: 3.1.7 (/opt/ros/humble/share/rosidl_generator_c/cmake)
[0.457s] -- Found rosidl_adapter: 3.1.7 (/opt/ros/humble/share/rosidl_adapter/cmake)
[0.470s] -- Found rosidl_generator_cpp: 3.1.7 (/opt/ros/humble/share/rosidl_generator_cpp/cmake)
[0.489s] -- Using all available rosidl_typesupport_c: rosidl_typesupport_fastrtps_c;rosidl_typesupport_introspection_c
[0.514s] -- Using all available rosidl_typesupport_cpp: rosidl_typesupport_fastrtps_cpp;rosidl_typesupport_introspection_cpp
[0.581s] -- Found rmw_implementation_cmake: 6.1.2 (/opt/ros/humble/share/rmw_implementation_cmake/cmake)
[0.584s] -- Found rmw_fastrtps_cpp: 6.2.8 (/opt/ros/humble/share/rmw_fastrtps_cpp/cmake)
[0.786s] -- Using RMW implementation 'rmw_fastrtps_cpp' as default
[0.887s] -- Found rclcpp_components: 16.0.14 (/opt/ros/humble/share/rclcpp_components/cmake)
[0.925s] -- Found sensor_msgs: 4.9.0 (/opt/ros/humble/share/sensor_msgs/cmake)
[0.986s] -- Found tf2_geometry_msgs: 0.25.16 (/opt/ros/humble/share/tf2_geometry_msgs/cmake)
[0.993s] -- Found eigen3_cmake_module: 0.1.1 (/opt/ros/humble/share/eigen3_cmake_module/cmake)
[0.996s] -- Ensuring Eigen3 include directory is part of orocos-kdl CMake target
[1.139s] -- Found ament_lint_auto: 0.12.14 (/opt/ros/humble/share/ament_lint_auto/cmake)
[1.341s] -- Configuring done
[1.392s] -- Generating done
[1.412s] -- Build files have been written to: /home/luka/tf_luna_ros2_ws/build/tfluna_ros2
[1.477s] [35m[1mConsolidate compiler generated dependencies of target tfluna_i2c_publisher_cpp[0m
[1.477s] [35m[1mConsolidate compiler generated dependencies of target tfluna_publisher_cpp[0m
[1.479s] [35m[1mConsolidate compiler generated dependencies of target tfluna_publisher_component[0m
[1.522s] [ 16%] [32mBuilding CXX object CMakeFiles/tfluna_i2c_publisher_cpp.dir/src/tfluna_i2c_publisher_cpp.cpp.o[0m
[1.525s] [ 50%] Built target tfluna_publisher_cpp
[1.530s] [ 83%] Built target tfluna_publisher_component
[18.407s] [100%] [32m[1mLinking CXX executable tfluna_i2c_publisher_cpp[0m
[18.705s] [100%] Built target tfluna_i2c_publisher_cpp
[18.730s] Invoked command in '/home/luka/tf_luna_ros2_ws/build/tfluna_ros2' returned '0': CMAKE_PREFIX_PATH=${CMAKE_PREFIX_PATH}:/opt/ros/humble /usr/bin/cmake --build /home/luka/tf_luna_ros2_ws/build/tfluna_ros2 -- -j6 -l6
[18.754s] Invoking command in '/home/luka/tf_luna_ros2_ws/build/tfluna_ros2': CMAKE_PREFIX_PATH=${CMAKE_PREFIX_PATH}:/opt/ros/humble /usr/bin/cmake --install /home/luka/tf_luna_ros2_ws/build/tfluna_ros2
[18.769s] -- Install configuration: "Release"
[18.770s] -- Installing: /home/luka/tf_luna_ros2_ws/install/tfluna_ros2/lib/tfluna_ros2/tfluna_publisher_cpp
[18.772s] -- Set runtime path of "/home/luka/tf_luna_ros2_ws/install/tfluna_ros2/lib/tfluna_ros2/tfluna_publisher_cpp" to ""
[18.772s] -- Installing: /home/luka/tf_luna_ros2_ws/install/tfluna_ros2/lib/tfluna_ros2/tfluna_i2c_publisher_cpp
[18.773s] -- Set runtime path of "/home/luka/tf_luna_ros2_ws/install/tfluna_ros2/lib/tfluna_ros2/tfluna_i2c_publisher_cpp" to ""
[18.774s] -- Installing: /home/luka/tf_luna_ros2_ws/install/tfluna_ros2/lib/libtfluna_publisher_component.so
[18.776s] -- Set runtime path of "/home/luka/tf_luna_ros2_ws/install/tfluna_ros2/lib/libtfluna_publisher_component.so" to ""
[18.777s] -- Up-to-date: /home/luka/tf_luna_ros2_ws/install/tfluna_ros2/share/tfluna_ros2//launch
[18.777s] -- Up-to-date: /home/luka/tf_luna_ros2_ws/install/tfluna_ros2/share/tfluna_ros2//launch/dual_tfluna_launch.py
[18.777s] -- Installing: /home/luka/tf_luna_ros2_ws/install/tfluna_ros2/share/tfluna_ros2//launch/tfluna_i2c_launch.py
[18.778s] -- Up-to-date: /home/luka/tf_luna_ros2_ws/install/tfluna_ros2/share/tfluna_ros2//launch/tfluna_launch.py
[18.778s] -- Up-to-date: /home/luka/tf_luna_ros2_ws/install/tfluna_ros2/share/tfluna_ros2//config
[18.778s] -- Up-to-date: /home/luka/tf_luna_ros2_ws/install/tfluna_ros2/share/tfluna_ros2//config/tfluna_config.yaml
[18.779s] -- Up-to-date: /home/luka/tf_luna_ros2_ws/install/tfluna_ros2/share/ament_index/resource_index/package_run_dependencies/tfluna_ros2
[18.779s] -- Up-to-date: /home/luka/tf_luna_ros2_ws/install/tfluna_ros2/share/ament_index/resource_index/parent_prefix_path/tfluna_ros2
[18.779s] -- Up-to-date: /home/luka/tf_luna_ros2_ws/install/tfluna_ros2/share/tfluna_ros2/environment/ament_prefix_path.sh
[18.779s] -- Installing: /home/luka/tf_luna_ros2_ws/install/tfluna_ros2/share/tfluna_ros2/environment/ament_prefix_path.dsv
[18.780s] -- Up-to-date: /home/luka/tf_luna_ros2_ws/install/tfluna_ros2/share/tfluna_ros2/environment/path.sh
[18.780s] -- Installing: /home/luka/tf_luna_ros2_ws/install/tfluna_ros2/share/tfluna_ros2/environment/path.dsv
[18.780s] -- Up-to-date: /home/luka/tf_luna_ros2_ws/install/tfluna_ros2/share/tfluna_ros2/local_setup.bash
[18.781s] -- Up-to-date: /home/luka/tf_luna_ros2_ws/install/tfluna_ros2/share/tfluna_ros2/local_setup.sh
[18.781s] -- Up-to-date: /home/luka/tf_luna_ros2_ws/install/tfluna_ros2/share/tfluna_ros2/local_setup.zsh
[18.781s] -- Installing: /home/luka/tf_luna_ros2_ws/install/tfluna_ros2/share/tfluna_ros2/local_setup.dsv
[18.781s] -- Installing: /home/luka/tf_luna_ros2_ws/install/tfluna_ros2/share/tfluna_ros2/package.dsv
[18.782s] -- Up-to-date: /home/luka/tf_luna_ros2_ws/install/tfluna_ros2/share/ament_index/resource_index/packages/tfluna_ros2
[18.783s] -- Up-to-date: /home/luka/tf_luna_ros2_ws/install/tfluna_ros2/share/ament_index/resource_index/rclcpp_components/tfluna_ros2
[18.785s] -- Up-to-date: /home/luka/tf_luna_ros2_ws/install/tfluna_ros2/share/tfluna_ros2/cmake/tfluna_ros2Config.cmake
[18.785s] -- Up-to-date: /home/luka/tf_luna_ros2_ws/install/tfluna_ros2/share/tfluna_ros2/cmake/tfluna_ros2Config-version.cmake
[18.786s] -- Up-to-date: /home/luka/tf_luna_ros2_ws/install/tfluna_ros2/share/tfluna_ros2/package.xml
[18.786s] Invoked command in '/home/luka/tf_luna_ros2_ws/build/tfluna_ros2' returned '0': CMAKE_PREFIX_PATH=${CMAKE_PREFIX_PATH}:/opt/ros/humble /usr/bin/cmake --install /home/luka/tf_luna_ros2_ws/build/tfluna_ros2
