[0.237s] DEBUG:colcon:Command line arguments: ['/usr/bin/colcon', 'build', '--packages-select', 'tfluna_ros2', '--cmake-args', '-DCMAKE_BUILD_TYPE=Release']
[0.238s] DEBUG:colcon:Parsed command line arguments: Namespace(log_base=None, log_level=None, verb_name='build', build_base='build', install_base='install', merge_install=False, symlink_install=False, test_result_base=None, continue_on_error=False, executor='parallel', parallel_workers=6, event_handlers=None, ignore_user_meta=False, metas=['./colcon.meta'], base_paths=['.'], packages_ignore=None, packages_ignore_regex=None, paths=None, packages_up_to=None, packages_up_to_regex=None, packages_above=None, packages_above_and_dependencies=None, packages_above_depth=None, packages_select_by_dep=None, packages_skip_by_dep=None, packages_skip_up_to=None, packages_select_build_failed=False, packages_skip_build_finished=False, packages_select_test_failures=False, packages_skip_test_passed=False, packages_select=['tfluna_ros2'], packages_skip=None, packages_select_regex=None, packages_skip_regex=None, packages_start=None, packages_end=None, allow_overriding=[], cmake_args=['-DCMAKE_BUILD_TYPE=Release'], cmake_target=None, cmake_target_skip_unavailable=False, cmake_clean_cache=False, cmake_clean_first=False, cmake_force_configure=False, ament_cmake_args=None, catkin_cmake_args=None, catkin_skip_building_tests=False, verb_parser=<colcon_defaults.argument_parser.defaults.DefaultArgumentsDecorator object at 0xffffafb073a0>, verb_extension=<colcon_core.verb.build.BuildVerb object at 0xffffafc34820>, main=<bound method BuildVerb.main of <colcon_core.verb.build.BuildVerb object at 0xffffafc34820>>)
[0.597s] Level 1:colcon.colcon_core.package_discovery:discover_packages(colcon_meta) check parameters
[0.598s] Level 1:colcon.colcon_core.package_discovery:discover_packages(recursive) check parameters
[0.598s] Level 1:colcon.colcon_core.package_discovery:discover_packages(ignore) check parameters
[0.598s] Level 1:colcon.colcon_core.package_discovery:discover_packages(path) check parameters
[0.598s] Level 1:colcon.colcon_core.package_discovery:discover_packages(colcon_meta) discover
[0.598s] Level 1:colcon.colcon_core.package_discovery:discover_packages(recursive) discover
[0.598s] INFO:colcon.colcon_core.package_discovery:Crawling recursively for packages in '/home/luka/tf_luna_ros2_ws'
[0.599s] Level 1:colcon.colcon_core.package_identification:_identify(.) by extensions ['ignore', 'ignore_ament_install']
[0.599s] Level 1:colcon.colcon_core.package_identification:_identify(.) by extension 'ignore'
[0.599s] Level 1:colcon.colcon_core.package_identification:_identify(.) by extension 'ignore_ament_install'
[0.599s] Level 1:colcon.colcon_core.package_identification:_identify(.) by extensions ['colcon_pkg']
[0.599s] Level 1:colcon.colcon_core.package_identification:_identify(.) by extension 'colcon_pkg'
[0.599s] Level 1:colcon.colcon_core.package_identification:_identify(.) by extensions ['colcon_meta']
[0.600s] Level 1:colcon.colcon_core.package_identification:_identify(.) by extension 'colcon_meta'
[0.600s] Level 1:colcon.colcon_core.package_identification:_identify(.) by extensions ['ros']
[0.600s] Level 1:colcon.colcon_core.package_identification:_identify(.) by extension 'ros'
[0.625s] Level 1:colcon.colcon_core.package_identification:_identify(.) by extensions ['cmake', 'python']
[0.626s] Level 1:colcon.colcon_core.package_identification:_identify(.) by extension 'cmake'
[0.626s] Level 1:colcon.colcon_core.package_identification:_identify(.) by extension 'python'
[0.626s] Level 1:colcon.colcon_core.package_identification:_identify(.) by extensions ['python_setup_py']
[0.626s] Level 1:colcon.colcon_core.package_identification:_identify(.) by extension 'python_setup_py'
[0.626s] Level 1:colcon.colcon_core.package_identification:_identify(build) by extensions ['ignore', 'ignore_ament_install']
[0.627s] Level 1:colcon.colcon_core.package_identification:_identify(build) by extension 'ignore'
[0.627s] Level 1:colcon.colcon_core.package_identification:_identify(build) ignored
[0.627s] Level 1:colcon.colcon_core.package_identification:_identify(images) by extensions ['ignore', 'ignore_ament_install']
[0.627s] Level 1:colcon.colcon_core.package_identification:_identify(images) by extension 'ignore'
[0.627s] Level 1:colcon.colcon_core.package_identification:_identify(images) by extension 'ignore_ament_install'
[0.628s] Level 1:colcon.colcon_core.package_identification:_identify(images) by extensions ['colcon_pkg']
[0.628s] Level 1:colcon.colcon_core.package_identification:_identify(images) by extension 'colcon_pkg'
[0.628s] Level 1:colcon.colcon_core.package_identification:_identify(images) by extensions ['colcon_meta']
[0.628s] Level 1:colcon.colcon_core.package_identification:_identify(images) by extension 'colcon_meta'
[0.628s] Level 1:colcon.colcon_core.package_identification:_identify(images) by extensions ['ros']
[0.628s] Level 1:colcon.colcon_core.package_identification:_identify(images) by extension 'ros'
[0.628s] Level 1:colcon.colcon_core.package_identification:_identify(images) by extensions ['cmake', 'python']
[0.628s] Level 1:colcon.colcon_core.package_identification:_identify(images) by extension 'cmake'
[0.628s] Level 1:colcon.colcon_core.package_identification:_identify(images) by extension 'python'
[0.629s] Level 1:colcon.colcon_core.package_identification:_identify(images) by extensions ['python_setup_py']
[0.629s] Level 1:colcon.colcon_core.package_identification:_identify(images) by extension 'python_setup_py'
[0.629s] Level 1:colcon.colcon_core.package_identification:_identify(install) by extensions ['ignore', 'ignore_ament_install']
[0.629s] Level 1:colcon.colcon_core.package_identification:_identify(install) by extension 'ignore'
[0.629s] Level 1:colcon.colcon_core.package_identification:_identify(install) ignored
[0.629s] Level 1:colcon.colcon_core.package_identification:_identify(log) by extensions ['ignore', 'ignore_ament_install']
[0.630s] Level 1:colcon.colcon_core.package_identification:_identify(log) by extension 'ignore'
[0.630s] Level 1:colcon.colcon_core.package_identification:_identify(log) ignored
[0.630s] Level 1:colcon.colcon_core.package_identification:_identify(src) by extensions ['ignore', 'ignore_ament_install']
[0.630s] Level 1:colcon.colcon_core.package_identification:_identify(src) by extension 'ignore'
[0.630s] Level 1:colcon.colcon_core.package_identification:_identify(src) by extension 'ignore_ament_install'
[0.630s] Level 1:colcon.colcon_core.package_identification:_identify(src) by extensions ['colcon_pkg']
[0.630s] Level 1:colcon.colcon_core.package_identification:_identify(src) by extension 'colcon_pkg'
[0.631s] Level 1:colcon.colcon_core.package_identification:_identify(src) by extensions ['colcon_meta']
[0.631s] Level 1:colcon.colcon_core.package_identification:_identify(src) by extension 'colcon_meta'
[0.631s] Level 1:colcon.colcon_core.package_identification:_identify(src) by extensions ['ros']
[0.631s] Level 1:colcon.colcon_core.package_identification:_identify(src) by extension 'ros'
[0.631s] Level 1:colcon.colcon_core.package_identification:_identify(src) by extensions ['cmake', 'python']
[0.631s] Level 1:colcon.colcon_core.package_identification:_identify(src) by extension 'cmake'
[0.631s] Level 1:colcon.colcon_core.package_identification:_identify(src) by extension 'python'
[0.631s] Level 1:colcon.colcon_core.package_identification:_identify(src) by extensions ['python_setup_py']
[0.631s] Level 1:colcon.colcon_core.package_identification:_identify(src) by extension 'python_setup_py'
[0.632s] Level 1:colcon.colcon_core.package_identification:_identify(src/tfluna_ros2) by extensions ['ignore', 'ignore_ament_install']
[0.632s] Level 1:colcon.colcon_core.package_identification:_identify(src/tfluna_ros2) by extension 'ignore'
[0.632s] Level 1:colcon.colcon_core.package_identification:_identify(src/tfluna_ros2) by extension 'ignore_ament_install'
[0.632s] Level 1:colcon.colcon_core.package_identification:_identify(src/tfluna_ros2) by extensions ['colcon_pkg']
[0.632s] Level 1:colcon.colcon_core.package_identification:_identify(src/tfluna_ros2) by extension 'colcon_pkg'
[0.632s] Level 1:colcon.colcon_core.package_identification:_identify(src/tfluna_ros2) by extensions ['colcon_meta']
[0.632s] Level 1:colcon.colcon_core.package_identification:_identify(src/tfluna_ros2) by extension 'colcon_meta'
[0.633s] Level 1:colcon.colcon_core.package_identification:_identify(src/tfluna_ros2) by extensions ['ros']
[0.633s] Level 1:colcon.colcon_core.package_identification:_identify(src/tfluna_ros2) by extension 'ros'
[0.639s] DEBUG:colcon.colcon_core.package_identification:Package 'src/tfluna_ros2' with type 'ros.ament_cmake' and name 'tfluna_ros2'
[0.639s] Level 1:colcon.colcon_core.package_discovery:discover_packages(recursive) using defaults
[0.639s] Level 1:colcon.colcon_core.package_discovery:discover_packages(ignore) discover
[0.639s] Level 1:colcon.colcon_core.package_discovery:discover_packages(ignore) using defaults
[0.639s] Level 1:colcon.colcon_core.package_discovery:discover_packages(path) discover
[0.640s] Level 1:colcon.colcon_core.package_discovery:discover_packages(path) using defaults
[0.684s] Level 1:colcon.colcon_core.package_discovery:discover_packages(prefix_path) check parameters
[0.684s] Level 1:colcon.colcon_core.package_discovery:discover_packages(prefix_path) discover
[0.688s] DEBUG:colcon.colcon_installed_package_information.package_discovery:Found 1 installed packages in /home/luka/tf_luna_ros2_ws/install
[0.690s] DEBUG:colcon.colcon_installed_package_information.package_discovery:Found 274 installed packages in /opt/ros/humble
[0.695s] Level 1:colcon.colcon_core.package_discovery:discover_packages(prefix_path) using defaults
[0.808s] Level 5:colcon.colcon_core.verb:set package 'tfluna_ros2' build argument 'cmake_args' from command line to '['-DCMAKE_BUILD_TYPE=Release']'
[0.809s] Level 5:colcon.colcon_core.verb:set package 'tfluna_ros2' build argument 'cmake_target' from command line to 'None'
[0.809s] Level 5:colcon.colcon_core.verb:set package 'tfluna_ros2' build argument 'cmake_target_skip_unavailable' from command line to 'False'
[0.809s] Level 5:colcon.colcon_core.verb:set package 'tfluna_ros2' build argument 'cmake_clean_cache' from command line to 'False'
[0.809s] Level 5:colcon.colcon_core.verb:set package 'tfluna_ros2' build argument 'cmake_clean_first' from command line to 'False'
[0.809s] Level 5:colcon.colcon_core.verb:set package 'tfluna_ros2' build argument 'cmake_force_configure' from command line to 'False'
[0.809s] Level 5:colcon.colcon_core.verb:set package 'tfluna_ros2' build argument 'ament_cmake_args' from command line to 'None'
[0.809s] Level 5:colcon.colcon_core.verb:set package 'tfluna_ros2' build argument 'catkin_cmake_args' from command line to 'None'
[0.809s] Level 5:colcon.colcon_core.verb:set package 'tfluna_ros2' build argument 'catkin_skip_building_tests' from command line to 'False'
[0.809s] DEBUG:colcon.colcon_core.verb:Building package 'tfluna_ros2' with the following arguments: {'ament_cmake_args': None, 'build_base': '/home/luka/tf_luna_ros2_ws/build/tfluna_ros2', 'catkin_cmake_args': None, 'catkin_skip_building_tests': False, 'cmake_args': ['-DCMAKE_BUILD_TYPE=Release'], 'cmake_clean_cache': False, 'cmake_clean_first': False, 'cmake_force_configure': False, 'cmake_target': None, 'cmake_target_skip_unavailable': False, 'install_base': '/home/luka/tf_luna_ros2_ws/install/tfluna_ros2', 'merge_install': False, 'path': '/home/luka/tf_luna_ros2_ws/src/tfluna_ros2', 'symlink_install': False, 'test_result_base': None}
[0.809s] INFO:colcon.colcon_core.executor:Executing jobs using 'parallel' executor
[0.812s] DEBUG:colcon.colcon_parallel_executor.executor.parallel:run_until_complete
[0.813s] INFO:colcon.colcon_ros.task.ament_cmake.build:Building ROS package in '/home/luka/tf_luna_ros2_ws/src/tfluna_ros2' with build type 'ament_cmake'
[0.813s] INFO:colcon.colcon_cmake.task.cmake.build:Building CMake package in '/home/luka/tf_luna_ros2_ws/src/tfluna_ros2'
[0.818s] INFO:colcon.colcon_core.plugin_system:Skipping extension 'colcon_core.shell.bat': Not used on non-Windows systems
[0.818s] INFO:colcon.colcon_core.shell:Skip shell extension 'powershell' for command environment: Not usable outside of PowerShell
[0.818s] DEBUG:colcon.colcon_core.shell:Skip shell extension 'dsv' for command environment
[0.836s] DEBUG:colcon.colcon_core.event_handler.log_command:Invoking command in '/home/luka/tf_luna_ros2_ws/build/tfluna_ros2': CMAKE_PREFIX_PATH=/home/luka/tf_luna_ros2_ws/install/tfluna_ros2:/opt/ros/humble /usr/bin/cmake /home/luka/tf_luna_ros2_ws/src/tfluna_ros2 -DCMAKE_BUILD_TYPE=Release -DCMAKE_INSTALL_PREFIX=/home/luka/tf_luna_ros2_ws/install/tfluna_ros2
[4.053s] DEBUG:colcon.colcon_core.event_handler.log_command:Invoked command in '/home/luka/tf_luna_ros2_ws/build/tfluna_ros2' returned '0': CMAKE_PREFIX_PATH=/home/luka/tf_luna_ros2_ws/install/tfluna_ros2:/opt/ros/humble /usr/bin/cmake /home/luka/tf_luna_ros2_ws/src/tfluna_ros2 -DCMAKE_BUILD_TYPE=Release -DCMAKE_INSTALL_PREFIX=/home/luka/tf_luna_ros2_ws/install/tfluna_ros2
[4.059s] DEBUG:colcon.colcon_core.event_handler.log_command:Invoking command in '/home/luka/tf_luna_ros2_ws/build/tfluna_ros2': CMAKE_PREFIX_PATH=/home/luka/tf_luna_ros2_ws/install/tfluna_ros2:/opt/ros/humble /usr/bin/cmake --build /home/luka/tf_luna_ros2_ws/build/tfluna_ros2 -- -j6 -l6
[22.567s] DEBUG:colcon.colcon_core.event_handler.log_command:Invoked command in '/home/luka/tf_luna_ros2_ws/build/tfluna_ros2' returned '0': CMAKE_PREFIX_PATH=/home/luka/tf_luna_ros2_ws/install/tfluna_ros2:/opt/ros/humble /usr/bin/cmake --build /home/luka/tf_luna_ros2_ws/build/tfluna_ros2 -- -j6 -l6
[22.591s] DEBUG:colcon.colcon_core.event_handler.log_command:Invoking command in '/home/luka/tf_luna_ros2_ws/build/tfluna_ros2': CMAKE_PREFIX_PATH=/home/luka/tf_luna_ros2_ws/install/tfluna_ros2:/opt/ros/humble /usr/bin/cmake --install /home/luka/tf_luna_ros2_ws/build/tfluna_ros2
[22.712s] Level 1:colcon.colcon_core.environment:create_environment_scripts_only(tfluna_ros2)
[22.714s] DEBUG:colcon.colcon_core.event_handler.log_command:Invoked command in '/home/luka/tf_luna_ros2_ws/build/tfluna_ros2' returned '0': CMAKE_PREFIX_PATH=/home/luka/tf_luna_ros2_ws/install/tfluna_ros2:/opt/ros/humble /usr/bin/cmake --install /home/luka/tf_luna_ros2_ws/build/tfluna_ros2
[22.722s] Level 1:colcon.colcon_core.environment:checking '/home/luka/tf_luna_ros2_ws/install/tfluna_ros2' for CMake module files
[22.724s] Level 1:colcon.colcon_core.environment:checking '/home/luka/tf_luna_ros2_ws/install/tfluna_ros2' for CMake config files
[22.725s] Level 1:colcon.colcon_core.shell:create_environment_hook('tfluna_ros2', 'cmake_prefix_path')
[22.725s] INFO:colcon.colcon_core.shell:Creating environment hook '/home/luka/tf_luna_ros2_ws/install/tfluna_ros2/share/tfluna_ros2/hook/cmake_prefix_path.ps1'
[22.728s] INFO:colcon.colcon_core.shell:Creating environment descriptor '/home/luka/tf_luna_ros2_ws/install/tfluna_ros2/share/tfluna_ros2/hook/cmake_prefix_path.dsv'
[22.729s] INFO:colcon.colcon_core.shell:Creating environment hook '/home/luka/tf_luna_ros2_ws/install/tfluna_ros2/share/tfluna_ros2/hook/cmake_prefix_path.sh'
[22.732s] Level 1:colcon.colcon_core.environment:checking '/home/luka/tf_luna_ros2_ws/install/tfluna_ros2/lib'
[22.733s] Level 1:colcon.colcon_core.shell:create_environment_hook('tfluna_ros2', 'ld_library_path_lib')
[22.734s] INFO:colcon.colcon_core.shell:Creating environment hook '/home/luka/tf_luna_ros2_ws/install/tfluna_ros2/share/tfluna_ros2/hook/ld_library_path_lib.ps1'
[22.735s] INFO:colcon.colcon_core.shell:Creating environment descriptor '/home/luka/tf_luna_ros2_ws/install/tfluna_ros2/share/tfluna_ros2/hook/ld_library_path_lib.dsv'
[22.736s] INFO:colcon.colcon_core.shell:Creating environment hook '/home/luka/tf_luna_ros2_ws/install/tfluna_ros2/share/tfluna_ros2/hook/ld_library_path_lib.sh'
[22.738s] Level 1:colcon.colcon_core.environment:checking '/home/luka/tf_luna_ros2_ws/install/tfluna_ros2/bin'
[22.738s] Level 1:colcon.colcon_core.environment:checking '/home/luka/tf_luna_ros2_ws/install/tfluna_ros2/lib/pkgconfig/tfluna_ros2.pc'
[22.739s] Level 1:colcon.colcon_core.environment:checking '/home/luka/tf_luna_ros2_ws/install/tfluna_ros2/lib/python3.10/site-packages'
[22.739s] Level 1:colcon.colcon_core.shell:create_environment_hook('tfluna_ros2', 'pythonpath')
[22.740s] INFO:colcon.colcon_core.shell:Creating environment hook '/home/luka/tf_luna_ros2_ws/install/tfluna_ros2/share/tfluna_ros2/hook/pythonpath.ps1'
[22.741s] INFO:colcon.colcon_core.shell:Creating environment descriptor '/home/luka/tf_luna_ros2_ws/install/tfluna_ros2/share/tfluna_ros2/hook/pythonpath.dsv'
[22.743s] INFO:colcon.colcon_core.shell:Creating environment hook '/home/luka/tf_luna_ros2_ws/install/tfluna_ros2/share/tfluna_ros2/hook/pythonpath.sh'
[22.745s] Level 1:colcon.colcon_core.environment:checking '/home/luka/tf_luna_ros2_ws/install/tfluna_ros2/bin'
[22.746s] INFO:colcon.colcon_core.shell:Creating package script '/home/luka/tf_luna_ros2_ws/install/tfluna_ros2/share/tfluna_ros2/package.ps1'
[22.749s] INFO:colcon.colcon_core.shell:Creating package descriptor '/home/luka/tf_luna_ros2_ws/install/tfluna_ros2/share/tfluna_ros2/package.dsv'
[22.751s] INFO:colcon.colcon_core.shell:Creating package script '/home/luka/tf_luna_ros2_ws/install/tfluna_ros2/share/tfluna_ros2/package.sh'
[22.754s] INFO:colcon.colcon_core.shell:Creating package script '/home/luka/tf_luna_ros2_ws/install/tfluna_ros2/share/tfluna_ros2/package.bash'
[22.757s] INFO:colcon.colcon_core.shell:Creating package script '/home/luka/tf_luna_ros2_ws/install/tfluna_ros2/share/tfluna_ros2/package.zsh'
[22.760s] Level 1:colcon.colcon_core.environment:create_file_with_runtime_dependencies(/home/luka/tf_luna_ros2_ws/install/tfluna_ros2/share/colcon-core/packages/tfluna_ros2)
[22.762s] Level 1:colcon.colcon_core.environment:create_environment_scripts_only(tfluna_ros2)
[22.762s] Level 1:colcon.colcon_core.environment:checking '/home/luka/tf_luna_ros2_ws/install/tfluna_ros2' for CMake module files
[22.764s] Level 1:colcon.colcon_core.environment:checking '/home/luka/tf_luna_ros2_ws/install/tfluna_ros2' for CMake config files
[22.765s] Level 1:colcon.colcon_core.shell:create_environment_hook('tfluna_ros2', 'cmake_prefix_path')
[22.766s] INFO:colcon.colcon_core.shell:Creating environment hook '/home/luka/tf_luna_ros2_ws/install/tfluna_ros2/share/tfluna_ros2/hook/cmake_prefix_path.ps1'
[22.767s] INFO:colcon.colcon_core.shell:Creating environment descriptor '/home/luka/tf_luna_ros2_ws/install/tfluna_ros2/share/tfluna_ros2/hook/cmake_prefix_path.dsv'
[22.769s] INFO:colcon.colcon_core.shell:Creating environment hook '/home/luka/tf_luna_ros2_ws/install/tfluna_ros2/share/tfluna_ros2/hook/cmake_prefix_path.sh'
[22.771s] Level 1:colcon.colcon_core.environment:checking '/home/luka/tf_luna_ros2_ws/install/tfluna_ros2/lib'
[22.771s] Level 1:colcon.colcon_core.shell:create_environment_hook('tfluna_ros2', 'ld_library_path_lib')
[22.772s] INFO:colcon.colcon_core.shell:Creating environment hook '/home/luka/tf_luna_ros2_ws/install/tfluna_ros2/share/tfluna_ros2/hook/ld_library_path_lib.ps1'
[22.773s] INFO:colcon.colcon_core.shell:Creating environment descriptor '/home/luka/tf_luna_ros2_ws/install/tfluna_ros2/share/tfluna_ros2/hook/ld_library_path_lib.dsv'
[22.775s] INFO:colcon.colcon_core.shell:Creating environment hook '/home/luka/tf_luna_ros2_ws/install/tfluna_ros2/share/tfluna_ros2/hook/ld_library_path_lib.sh'
[22.776s] Level 1:colcon.colcon_core.environment:checking '/home/luka/tf_luna_ros2_ws/install/tfluna_ros2/bin'
[22.776s] Level 1:colcon.colcon_core.environment:checking '/home/luka/tf_luna_ros2_ws/install/tfluna_ros2/lib/pkgconfig/tfluna_ros2.pc'
[22.777s] Level 1:colcon.colcon_core.environment:checking '/home/luka/tf_luna_ros2_ws/install/tfluna_ros2/lib/python3.10/site-packages'
[22.778s] Level 1:colcon.colcon_core.shell:create_environment_hook('tfluna_ros2', 'pythonpath')
[22.778s] INFO:colcon.colcon_core.shell:Creating environment hook '/home/luka/tf_luna_ros2_ws/install/tfluna_ros2/share/tfluna_ros2/hook/pythonpath.ps1'
[22.780s] INFO:colcon.colcon_core.shell:Creating environment descriptor '/home/luka/tf_luna_ros2_ws/install/tfluna_ros2/share/tfluna_ros2/hook/pythonpath.dsv'
[22.781s] INFO:colcon.colcon_core.shell:Creating environment hook '/home/luka/tf_luna_ros2_ws/install/tfluna_ros2/share/tfluna_ros2/hook/pythonpath.sh'
[22.783s] Level 1:colcon.colcon_core.environment:checking '/home/luka/tf_luna_ros2_ws/install/tfluna_ros2/bin'
[22.784s] INFO:colcon.colcon_core.shell:Creating package script '/home/luka/tf_luna_ros2_ws/install/tfluna_ros2/share/tfluna_ros2/package.ps1'
[22.786s] INFO:colcon.colcon_core.shell:Creating package descriptor '/home/luka/tf_luna_ros2_ws/install/tfluna_ros2/share/tfluna_ros2/package.dsv'
[22.788s] INFO:colcon.colcon_core.shell:Creating package script '/home/luka/tf_luna_ros2_ws/install/tfluna_ros2/share/tfluna_ros2/package.sh'
[22.790s] INFO:colcon.colcon_core.shell:Creating package script '/home/luka/tf_luna_ros2_ws/install/tfluna_ros2/share/tfluna_ros2/package.bash'
[22.791s] INFO:colcon.colcon_core.shell:Creating package script '/home/luka/tf_luna_ros2_ws/install/tfluna_ros2/share/tfluna_ros2/package.zsh'
[22.793s] Level 1:colcon.colcon_core.environment:create_file_with_runtime_dependencies(/home/luka/tf_luna_ros2_ws/install/tfluna_ros2/share/colcon-core/packages/tfluna_ros2)
[22.793s] DEBUG:colcon.colcon_parallel_executor.executor.parallel:closing loop
[22.794s] DEBUG:colcon.colcon_parallel_executor.executor.parallel:loop closed
[22.795s] DEBUG:colcon.colcon_parallel_executor.executor.parallel:run_until_complete finished with '0'
[22.795s] DEBUG:colcon.colcon_core.event_reactor:joining thread
[22.813s] INFO:colcon.colcon_core.plugin_system:Skipping extension 'colcon_notification.desktop_notification.terminal_notifier': Not used on non-Darwin systems
[22.813s] INFO:colcon.colcon_core.plugin_system:Skipping extension 'colcon_notification.desktop_notification.win32': Not used on non-Windows systems
[22.814s] INFO:colcon.colcon_notification.desktop_notification:Sending desktop notification using 'notify2'
[22.861s] DEBUG:colcon.colcon_core.event_reactor:joined thread
[22.862s] INFO:colcon.colcon_core.shell:Creating prefix script '/home/luka/tf_luna_ros2_ws/install/local_setup.ps1'
[22.866s] INFO:colcon.colcon_core.shell:Creating prefix util module '/home/luka/tf_luna_ros2_ws/install/_local_setup_util_ps1.py'
[22.872s] INFO:colcon.colcon_core.shell:Creating prefix chain script '/home/luka/tf_luna_ros2_ws/install/setup.ps1'
[22.875s] INFO:colcon.colcon_core.shell:Creating prefix script '/home/luka/tf_luna_ros2_ws/install/local_setup.sh'
[22.877s] INFO:colcon.colcon_core.shell:Creating prefix util module '/home/luka/tf_luna_ros2_ws/install/_local_setup_util_sh.py'
[22.878s] INFO:colcon.colcon_core.shell:Creating prefix chain script '/home/luka/tf_luna_ros2_ws/install/setup.sh'
[22.882s] INFO:colcon.colcon_core.shell:Creating prefix script '/home/luka/tf_luna_ros2_ws/install/local_setup.bash'
[22.883s] INFO:colcon.colcon_core.shell:Creating prefix chain script '/home/luka/tf_luna_ros2_ws/install/setup.bash'
[22.886s] INFO:colcon.colcon_core.shell:Creating prefix script '/home/luka/tf_luna_ros2_ws/install/local_setup.zsh'
[22.887s] INFO:colcon.colcon_core.shell:Creating prefix chain script '/home/luka/tf_luna_ros2_ws/install/setup.zsh'
