-- The C compiler identification is GNU 11.4.0
-- The CXX compiler identification is GNU 11.4.0
-- Detecting C compiler ABI info
-- Detecting C compiler ABI info - done
-- Check for working C compiler: /usr/bin/cc - skipped
-- Detecting C compile features
-- Detecting C compile features - done
-- Detecting CXX compiler ABI info
-- Detecting CXX compiler ABI info - done
-- Check for working CXX compiler: /usr/bin/c++ - skipped
-- Detecting CXX compile features
-- Detecting CXX compile features - done
-- Found ament_cmake: 1.3.12 (/opt/ros/humble/share/ament_cmake/cmake)
-- Found Python3: /usr/bin/python3 (found version "3.10.12") found components: Interpreter 
-- Found rclcpp: 16.0.14 (/opt/ros/humble/share/rclcpp/cmake)
-- Found rosidl_generator_c: 3.1.7 (/opt/ros/humble/share/rosidl_generator_c/cmake)
-- Found rosidl_adapter: 3.1.7 (/opt/ros/humble/share/rosidl_adapter/cmake)
-- Found rosidl_generator_cpp: 3.1.7 (/opt/ros/humble/share/rosidl_generator_cpp/cmake)
-- Using all available rosidl_typesupport_c: rosidl_typesupport_fastrtps_c;rosidl_typesupport_introspection_c
-- Using all available rosidl_typesupport_cpp: rosidl_typesupport_fastrtps_cpp;rosidl_typesupport_introspection_cpp
-- Found rmw_implementation_cmake: 6.1.2 (/opt/ros/humble/share/rmw_implementation_cmake/cmake)
-- Found rmw_fastrtps_cpp: 6.2.8 (/opt/ros/humble/share/rmw_fastrtps_cpp/cmake)
-- Found OpenSSL: /usr/lib/aarch64-linux-gnu/libcrypto.so (found version "3.0.2")  
-- Found FastRTPS: /opt/ros/humble/include  
-- Using RMW implementation 'rmw_fastrtps_cpp' as default
-- Looking for pthread.h
-- Looking for pthread.h - found
-- Performing Test CMAKE_HAVE_LIBC_PTHREAD
-- Performing Test CMAKE_HAVE_LIBC_PTHREAD - Success
-- Found Threads: TRUE  
-- Found rclcpp_components: 16.0.14 (/opt/ros/humble/share/rclcpp_components/cmake)
-- Found sensor_msgs: 4.9.0 (/opt/ros/humble/share/sensor_msgs/cmake)
-- Found tf2_geometry_msgs: 0.25.16 (/opt/ros/humble/share/tf2_geometry_msgs/cmake)
-- Found eigen3_cmake_module: 0.1.1 (/opt/ros/humble/share/eigen3_cmake_module/cmake)
-- Found Eigen3: TRUE (found version "3.4.0") 
-- Ensuring Eigen3 include directory is part of orocos-kdl CMake target
-- Found ament_lint_auto: 0.12.14 (/opt/ros/humble/share/ament_lint_auto/cmake)
-- Configuring done
-- Generating done
-- Build files have been written to: /home/luka/tf_luna_ros2_ws/build/tfluna_ros2
[ 50%] [32mBuilding CXX object CMakeFiles/tfluna_publisher_component.dir/src/tfluna_publisher_cpp.cpp.o[0m
[ 50%] [32mBuilding CXX object CMakeFiles/tfluna_publisher_cpp.dir/src/tfluna_publisher_cpp.cpp.o[0m
[ 50%] Built target ament_cmake_python_copy_tfluna_ros2_setup
[ 50%] Built target ament_cmake_python_copy_tfluna_ros2
running egg_info
creating tfluna_ros2.egg-info
writing tfluna_ros2.egg-info/PKG-INFO
writing dependency_links to tfluna_ros2.egg-info/dependency_links.txt
writing top-level names to tfluna_ros2.egg-info/top_level.txt
writing manifest file 'tfluna_ros2.egg-info/SOURCES.txt'
reading manifest file 'tfluna_ros2.egg-info/SOURCES.txt'
writing manifest file 'tfluna_ros2.egg-info/SOURCES.txt'
[ 50%] Built target ament_cmake_python_build_tfluna_ros2_egg
[ 75%] [32m[1mLinking CXX shared library libtfluna_publisher_component.so[0m
[100%] [32m[1mLinking CXX executable tfluna_publisher_cpp[0m
[100%] Built target tfluna_publisher_component
[100%] Built target tfluna_publisher_cpp
-- Install configuration: "Release"
-- Installing: /home/luka/tf_luna_ros2_ws/install/tfluna_ros2/lib/tfluna_ros2/tfluna_publisher_cpp
-- Set runtime path of "/home/luka/tf_luna_ros2_ws/install/tfluna_ros2/lib/tfluna_ros2/tfluna_publisher_cpp" to ""
-- Installing: /home/luka/tf_luna_ros2_ws/install/tfluna_ros2/lib/libtfluna_publisher_component.so
-- Set runtime path of "/home/luka/tf_luna_ros2_ws/install/tfluna_ros2/lib/libtfluna_publisher_component.so" to ""
-- Installing: /home/luka/tf_luna_ros2_ws/install/tfluna_ros2/share/tfluna_ros2/environment/pythonpath.sh
-- Installing: /home/luka/tf_luna_ros2_ws/install/tfluna_ros2/share/tfluna_ros2/environment/pythonpath.dsv
-- Installing: /home/luka/tf_luna_ros2_ws/install/tfluna_ros2/local/lib/python3.10/dist-packages/tfluna_ros2-1.0.0-py3.10.egg-info
-- Installing: /home/luka/tf_luna_ros2_ws/install/tfluna_ros2/local/lib/python3.10/dist-packages/tfluna_ros2-1.0.0-py3.10.egg-info/top_level.txt
-- Installing: /home/luka/tf_luna_ros2_ws/install/tfluna_ros2/local/lib/python3.10/dist-packages/tfluna_ros2-1.0.0-py3.10.egg-info/dependency_links.txt
-- Installing: /home/luka/tf_luna_ros2_ws/install/tfluna_ros2/local/lib/python3.10/dist-packages/tfluna_ros2-1.0.0-py3.10.egg-info/PKG-INFO
-- Installing: /home/luka/tf_luna_ros2_ws/install/tfluna_ros2/local/lib/python3.10/dist-packages/tfluna_ros2-1.0.0-py3.10.egg-info/SOURCES.txt
-- Installing: /home/luka/tf_luna_ros2_ws/install/tfluna_ros2/local/lib/python3.10/dist-packages/tfluna_ros2
-- Installing: /home/luka/tf_luna_ros2_ws/install/tfluna_ros2/local/lib/python3.10/dist-packages/tfluna_ros2/tfluna_publisher.py
-- Installing: /home/luka/tf_luna_ros2_ws/install/tfluna_ros2/local/lib/python3.10/dist-packages/tfluna_ros2/tfluna_subscriber.py
-- Installing: /home/luka/tf_luna_ros2_ws/install/tfluna_ros2/local/lib/python3.10/dist-packages/tfluna_ros2/__init__.py
Listing '/home/luka/tf_luna_ros2_ws/install/tfluna_ros2/local/lib/python3.10/dist-packages/tfluna_ros2'...
Compiling '/home/luka/tf_luna_ros2_ws/install/tfluna_ros2/local/lib/python3.10/dist-packages/tfluna_ros2/__init__.py'...
Compiling '/home/luka/tf_luna_ros2_ws/install/tfluna_ros2/local/lib/python3.10/dist-packages/tfluna_ros2/tfluna_publisher.py'...
Compiling '/home/luka/tf_luna_ros2_ws/install/tfluna_ros2/local/lib/python3.10/dist-packages/tfluna_ros2/tfluna_subscriber.py'...
-- Installing: /home/luka/tf_luna_ros2_ws/install/tfluna_ros2/lib/tfluna_ros2/tfluna_publisher.py
-- Installing: /home/luka/tf_luna_ros2_ws/install/tfluna_ros2/lib/tfluna_ros2/tfluna_subscriber.py
-- Up-to-date: /home/luka/tf_luna_ros2_ws/install/tfluna_ros2/share/tfluna_ros2//launch
-- Up-to-date: /home/luka/tf_luna_ros2_ws/install/tfluna_ros2/share/tfluna_ros2//launch/dual_tfluna_launch.py
-- Installing: /home/luka/tf_luna_ros2_ws/install/tfluna_ros2/share/tfluna_ros2//launch/tfluna_cpp_launch.py
-- Up-to-date: /home/luka/tf_luna_ros2_ws/install/tfluna_ros2/share/tfluna_ros2//launch/tfluna_launch.py
-- Up-to-date: /home/luka/tf_luna_ros2_ws/install/tfluna_ros2/share/tfluna_ros2//config
-- Installing: /home/luka/tf_luna_ros2_ws/install/tfluna_ros2/share/tfluna_ros2//config/tfluna_config.yaml
-- Installing: /home/luka/tf_luna_ros2_ws/install/tfluna_ros2/share/ament_index/resource_index/package_run_dependencies/tfluna_ros2
-- Installing: /home/luka/tf_luna_ros2_ws/install/tfluna_ros2/share/ament_index/resource_index/parent_prefix_path/tfluna_ros2
-- Installing: /home/luka/tf_luna_ros2_ws/install/tfluna_ros2/share/tfluna_ros2/environment/ament_prefix_path.sh
-- Installing: /home/luka/tf_luna_ros2_ws/install/tfluna_ros2/share/tfluna_ros2/environment/ament_prefix_path.dsv
-- Installing: /home/luka/tf_luna_ros2_ws/install/tfluna_ros2/share/tfluna_ros2/environment/path.sh
-- Installing: /home/luka/tf_luna_ros2_ws/install/tfluna_ros2/share/tfluna_ros2/environment/path.dsv
-- Installing: /home/luka/tf_luna_ros2_ws/install/tfluna_ros2/share/tfluna_ros2/local_setup.bash
-- Installing: /home/luka/tf_luna_ros2_ws/install/tfluna_ros2/share/tfluna_ros2/local_setup.sh
-- Installing: /home/luka/tf_luna_ros2_ws/install/tfluna_ros2/share/tfluna_ros2/local_setup.zsh
-- Installing: /home/luka/tf_luna_ros2_ws/install/tfluna_ros2/share/tfluna_ros2/local_setup.dsv
-- Installing: /home/luka/tf_luna_ros2_ws/install/tfluna_ros2/share/tfluna_ros2/package.dsv
-- Installing: /home/luka/tf_luna_ros2_ws/install/tfluna_ros2/share/ament_index/resource_index/packages/tfluna_ros2
-- Installing: /home/luka/tf_luna_ros2_ws/install/tfluna_ros2/share/ament_index/resource_index/rclcpp_components/tfluna_ros2
-- Installing: /home/luka/tf_luna_ros2_ws/install/tfluna_ros2/share/tfluna_ros2/cmake/tfluna_ros2Config.cmake
-- Installing: /home/luka/tf_luna_ros2_ws/install/tfluna_ros2/share/tfluna_ros2/cmake/tfluna_ros2Config-version.cmake
-- Installing: /home/luka/tf_luna_ros2_ws/install/tfluna_ros2/share/tfluna_ros2/package.xml
