[0.028s] Invoking command in '/home/luka/tf_luna_ros2_ws/build/tfluna_ros2': CMAKE_PREFIX_PATH=/opt/ros/humble /usr/bin/cmake /home/luka/tf_luna_ros2_ws/src/tfluna_ros2 -DCMAKE_INSTALL_PREFIX=/home/luka/tf_luna_ros2_ws/install/tfluna_ros2
[0.073s] -- Found ament_cmake: 1.3.12 (/opt/ros/humble/share/ament_cmake/cmake)
[0.403s] -- Found rclcpp: 16.0.14 (/opt/ros/humble/share/rclcpp/cmake)
[0.484s] -- Found rosidl_generator_c: 3.1.7 (/opt/ros/humble/share/rosidl_generator_c/cmake)
[0.490s] -- Found rosidl_adapter: 3.1.7 (/opt/ros/humble/share/rosidl_adapter/cmake)
[0.506s] -- Found rosidl_generator_cpp: 3.1.7 (/opt/ros/humble/share/rosidl_generator_cpp/cmake)
[0.530s] -- Using all available rosidl_typesupport_c: rosidl_typesupport_fastrtps_c;rosidl_typesupport_introspection_c
[0.562s] -- Using all available rosidl_typesupport_cpp: rosidl_typesupport_fastrtps_cpp;rosidl_typesupport_introspection_cpp
[0.645s] -- Found rmw_implementation_cmake: 6.1.2 (/opt/ros/humble/share/rmw_implementation_cmake/cmake)
[0.649s] -- Found rmw_fastrtps_cpp: 6.2.8 (/opt/ros/humble/share/rmw_fastrtps_cpp/cmake)
[0.866s] -- Using RMW implementation 'rmw_fastrtps_cpp' as default
[0.994s] -- Found rclcpp_components: 16.0.14 (/opt/ros/humble/share/rclcpp_components/cmake)
[1.041s] -- Found sensor_msgs: 4.9.0 (/opt/ros/humble/share/sensor_msgs/cmake)
[1.111s] -- Found tf2_geometry_msgs: 0.25.16 (/opt/ros/humble/share/tf2_geometry_msgs/cmake)
[1.120s] -- Found eigen3_cmake_module: 0.1.1 (/opt/ros/humble/share/eigen3_cmake_module/cmake)
[1.124s] -- Ensuring Eigen3 include directory is part of orocos-kdl CMake target
[1.293s] -- Found ament_lint_auto: 0.12.14 (/opt/ros/humble/share/ament_lint_auto/cmake)
[1.497s] -- Configuring done
[1.551s] -- Generating done
[1.570s] -- Build files have been written to: /home/luka/tf_luna_ros2_ws/build/tfluna_ros2
[1.593s] Invoked command in '/home/luka/tf_luna_ros2_ws/build/tfluna_ros2' returned '0': CMAKE_PREFIX_PATH=/opt/ros/humble /usr/bin/cmake /home/luka/tf_luna_ros2_ws/src/tfluna_ros2 -DCMAKE_INSTALL_PREFIX=/home/luka/tf_luna_ros2_ws/install/tfluna_ros2
[1.598s] Invoking command in '/home/luka/tf_luna_ros2_ws/build/tfluna_ros2': CMAKE_PREFIX_PATH=/opt/ros/humble /usr/bin/cmake --build /home/luka/tf_luna_ros2_ws/build/tfluna_ros2 -- -j6 -l6
[1.690s] [35m[1mConsolidate compiler generated dependencies of target tfluna_i2c_publisher_cpp[0m
[1.690s] [35m[1mConsolidate compiler generated dependencies of target tfluna_publisher_component[0m
[1.690s] [35m[1mConsolidate compiler generated dependencies of target tfluna_publisher_cpp[0m
[1.755s] [ 50%] [32mBuilding CXX object CMakeFiles/tfluna_i2c_publisher_cpp.dir/src/tfluna_i2c_publisher_cpp.cpp.o[0m
[1.755s] [ 50%] Built target tfluna_publisher_component
[1.759s] [ 83%] Built target tfluna_publisher_cpp
[19.032s] [100%] [32m[1mLinking CXX executable tfluna_i2c_publisher_cpp[0m
[19.367s] [100%] Built target tfluna_i2c_publisher_cpp
[19.395s] Invoked command in '/home/luka/tf_luna_ros2_ws/build/tfluna_ros2' returned '0': CMAKE_PREFIX_PATH=/opt/ros/humble /usr/bin/cmake --build /home/luka/tf_luna_ros2_ws/build/tfluna_ros2 -- -j6 -l6
[19.417s] Invoking command in '/home/luka/tf_luna_ros2_ws/build/tfluna_ros2': CMAKE_PREFIX_PATH=/opt/ros/humble /usr/bin/cmake --install /home/luka/tf_luna_ros2_ws/build/tfluna_ros2
[19.434s] -- Install configuration: "Release"
[19.435s] -- Up-to-date: /home/luka/tf_luna_ros2_ws/install/tfluna_ros2/lib/tfluna_ros2/tfluna_publisher_cpp
[19.435s] -- Installing: /home/luka/tf_luna_ros2_ws/install/tfluna_ros2/lib/tfluna_ros2/tfluna_i2c_publisher_cpp
[19.437s] -- Set runtime path of "/home/luka/tf_luna_ros2_ws/install/tfluna_ros2/lib/tfluna_ros2/tfluna_i2c_publisher_cpp" to ""
[19.439s] -- Up-to-date: /home/luka/tf_luna_ros2_ws/install/tfluna_ros2/lib/libtfluna_publisher_component.so
[19.439s] -- Up-to-date: /home/luka/tf_luna_ros2_ws/install/tfluna_ros2/share/tfluna_ros2//launch
[19.440s] -- Installing: /home/luka/tf_luna_ros2_ws/install/tfluna_ros2/share/tfluna_ros2//launch/tfluna_i2c_launch.py
[19.440s] -- Up-to-date: /home/luka/tf_luna_ros2_ws/install/tfluna_ros2/share/tfluna_ros2//launch/tfluna_launch.py
[19.440s] -- Up-to-date: /home/luka/tf_luna_ros2_ws/install/tfluna_ros2/share/tfluna_ros2//config
[19.440s] -- Installing: /home/luka/tf_luna_ros2_ws/install/tfluna_ros2/share/tfluna_ros2//config/tfluna_config.yaml
[19.441s] -- Up-to-date: /home/luka/tf_luna_ros2_ws/install/tfluna_ros2/share/ament_index/resource_index/package_run_dependencies/tfluna_ros2
[19.441s] -- Installing: /home/luka/tf_luna_ros2_ws/install/tfluna_ros2/share/ament_index/resource_index/parent_prefix_path/tfluna_ros2
[19.441s] -- Up-to-date: /home/luka/tf_luna_ros2_ws/install/tfluna_ros2/share/tfluna_ros2/environment/ament_prefix_path.sh
[19.441s] -- Installing: /home/luka/tf_luna_ros2_ws/install/tfluna_ros2/share/tfluna_ros2/environment/ament_prefix_path.dsv
[19.441s] -- Up-to-date: /home/luka/tf_luna_ros2_ws/install/tfluna_ros2/share/tfluna_ros2/environment/path.sh
[19.442s] -- Installing: /home/luka/tf_luna_ros2_ws/install/tfluna_ros2/share/tfluna_ros2/environment/path.dsv
[19.442s] -- Up-to-date: /home/luka/tf_luna_ros2_ws/install/tfluna_ros2/share/tfluna_ros2/local_setup.bash
[19.442s] -- Up-to-date: /home/luka/tf_luna_ros2_ws/install/tfluna_ros2/share/tfluna_ros2/local_setup.sh
[19.442s] -- Up-to-date: /home/luka/tf_luna_ros2_ws/install/tfluna_ros2/share/tfluna_ros2/local_setup.zsh
[19.442s] -- Installing: /home/luka/tf_luna_ros2_ws/install/tfluna_ros2/share/tfluna_ros2/local_setup.dsv
[19.442s] -- Installing: /home/luka/tf_luna_ros2_ws/install/tfluna_ros2/share/tfluna_ros2/package.dsv
[19.443s] -- Up-to-date: /home/luka/tf_luna_ros2_ws/install/tfluna_ros2/share/ament_index/resource_index/packages/tfluna_ros2
[19.443s] -- Up-to-date: /home/luka/tf_luna_ros2_ws/install/tfluna_ros2/share/ament_index/resource_index/rclcpp_components/tfluna_ros2
[19.443s] -- Up-to-date: /home/luka/tf_luna_ros2_ws/install/tfluna_ros2/share/tfluna_ros2/cmake/tfluna_ros2Config.cmake
[19.443s] -- Up-to-date: /home/luka/tf_luna_ros2_ws/install/tfluna_ros2/share/tfluna_ros2/cmake/tfluna_ros2Config-version.cmake
[19.443s] -- Installing: /home/luka/tf_luna_ros2_ws/install/tfluna_ros2/share/tfluna_ros2/package.xml
[19.448s] Invoked command in '/home/luka/tf_luna_ros2_ws/build/tfluna_ros2' returned '0': CMAKE_PREFIX_PATH=/opt/ros/humble /usr/bin/cmake --install /home/luka/tf_luna_ros2_ws/build/tfluna_ros2
