[0.021s] Invoking command in '/home/luka/tf_luna_ros2_ws/build/tfluna_ros2': CMAKE_PREFIX_PATH=${CMAKE_PREFIX_PATH}:/opt/ros/humble /usr/bin/cmake --build /home/luka/tf_luna_ros2_ws/build/tfluna_ros2 -- -j6 -l6
[0.079s] -- Found ament_cmake: 1.3.12 (/opt/ros/humble/share/ament_cmake/cmake)
[0.373s] -- Found rclcpp: 16.0.14 (/opt/ros/humble/share/rclcpp/cmake)
[0.449s] -- Found rosidl_generator_c: 3.1.7 (/opt/ros/humble/share/rosidl_generator_c/cmake)
[0.454s] -- Found rosidl_adapter: 3.1.7 (/opt/ros/humble/share/rosidl_adapter/cmake)
[0.466s] -- Found rosidl_generator_cpp: 3.1.7 (/opt/ros/humble/share/rosidl_generator_cpp/cmake)
[0.486s] -- Using all available rosidl_typesupport_c: rosidl_typesupport_fastrtps_c;rosidl_typesupport_introspection_c
[0.511s] -- Using all available rosidl_typesupport_cpp: rosidl_typesupport_fastrtps_cpp;rosidl_typesupport_introspection_cpp
[0.576s] -- Found rmw_implementation_cmake: 6.1.2 (/opt/ros/humble/share/rmw_implementation_cmake/cmake)
[0.578s] -- Found rmw_fastrtps_cpp: 6.2.8 (/opt/ros/humble/share/rmw_fastrtps_cpp/cmake)
[0.780s] -- Using RMW implementation 'rmw_fastrtps_cpp' as default
[0.881s] -- Found rclcpp_components: 16.0.14 (/opt/ros/humble/share/rclcpp_components/cmake)
[0.918s] -- Found sensor_msgs: 4.9.0 (/opt/ros/humble/share/sensor_msgs/cmake)
[0.977s] -- Found tf2_geometry_msgs: 0.25.16 (/opt/ros/humble/share/tf2_geometry_msgs/cmake)
[0.984s] -- Found eigen3_cmake_module: 0.1.1 (/opt/ros/humble/share/eigen3_cmake_module/cmake)
[0.987s] -- Ensuring Eigen3 include directory is part of orocos-kdl CMake target
[1.269s] -- Found ament_lint_auto: 0.12.14 (/opt/ros/humble/share/ament_lint_auto/cmake)
[1.469s] -- Configuring done
[1.508s] -- Generating done
[1.525s] -- Build files have been written to: /home/luka/tf_luna_ros2_ws/build/tfluna_ros2
[1.590s] [35m[1mConsolidate compiler generated dependencies of target tfluna_publisher_component[0m
[1.590s] [35m[1mConsolidate compiler generated dependencies of target tfluna_publisher_cpp[0m
[1.627s] [  0%] Built target ament_cmake_python_copy_tfluna_ros2
[1.627s] [  0%] Built target ament_cmake_python_copy_tfluna_ros2_setup
[1.640s] [ 50%] [32mBuilding CXX object CMakeFiles/tfluna_publisher_component.dir/src/tfluna_publisher_cpp.cpp.o[0m
[1.640s] [ 50%] [32mBuilding CXX object CMakeFiles/tfluna_publisher_cpp.dir/src/tfluna_publisher_cpp.cpp.o[0m
[2.165s] running egg_info
[2.167s] writing tfluna_ros2.egg-info/PKG-INFO
[2.167s] writing dependency_links to tfluna_ros2.egg-info/dependency_links.txt
[2.168s] writing top-level names to tfluna_ros2.egg-info/top_level.txt
[2.173s] reading manifest file 'tfluna_ros2.egg-info/SOURCES.txt'
[2.174s] writing manifest file 'tfluna_ros2.egg-info/SOURCES.txt'
[2.250s] [ 50%] Built target ament_cmake_python_build_tfluna_ros2_egg
[19.493s] [ 75%] [32m[1mLinking CXX executable tfluna_publisher_cpp[0m
[19.799s] [ 75%] Built target tfluna_publisher_cpp
[20.042s] [100%] [32m[1mLinking CXX shared library libtfluna_publisher_component.so[0m
[20.320s] [100%] Built target tfluna_publisher_component
[20.345s] Invoked command in '/home/luka/tf_luna_ros2_ws/build/tfluna_ros2' returned '0': CMAKE_PREFIX_PATH=${CMAKE_PREFIX_PATH}:/opt/ros/humble /usr/bin/cmake --build /home/luka/tf_luna_ros2_ws/build/tfluna_ros2 -- -j6 -l6
[20.370s] Invoking command in '/home/luka/tf_luna_ros2_ws/build/tfluna_ros2': CMAKE_PREFIX_PATH=${CMAKE_PREFIX_PATH}:/opt/ros/humble /usr/bin/cmake --install /home/luka/tf_luna_ros2_ws/build/tfluna_ros2
[20.386s] -- Install configuration: "Release"
[20.386s] -- Installing: /home/luka/tf_luna_ros2_ws/install/tfluna_ros2/lib/tfluna_ros2/tfluna_publisher_cpp
[20.388s] -- Set runtime path of "/home/luka/tf_luna_ros2_ws/install/tfluna_ros2/lib/tfluna_ros2/tfluna_publisher_cpp" to ""
[20.388s] -- Installing: /home/luka/tf_luna_ros2_ws/install/tfluna_ros2/lib/libtfluna_publisher_component.so
[20.390s] -- Set runtime path of "/home/luka/tf_luna_ros2_ws/install/tfluna_ros2/lib/libtfluna_publisher_component.so" to ""
[20.391s] -- Up-to-date: /home/luka/tf_luna_ros2_ws/install/tfluna_ros2/share/tfluna_ros2/environment/pythonpath.sh
[20.391s] -- Installing: /home/luka/tf_luna_ros2_ws/install/tfluna_ros2/share/tfluna_ros2/environment/pythonpath.dsv
[20.391s] -- Up-to-date: /home/luka/tf_luna_ros2_ws/install/tfluna_ros2/local/lib/python3.10/dist-packages/tfluna_ros2-1.0.0-py3.10.egg-info
[20.392s] -- Installing: /home/luka/tf_luna_ros2_ws/install/tfluna_ros2/local/lib/python3.10/dist-packages/tfluna_ros2-1.0.0-py3.10.egg-info/top_level.txt
[20.392s] -- Installing: /home/luka/tf_luna_ros2_ws/install/tfluna_ros2/local/lib/python3.10/dist-packages/tfluna_ros2-1.0.0-py3.10.egg-info/dependency_links.txt
[20.392s] -- Installing: /home/luka/tf_luna_ros2_ws/install/tfluna_ros2/local/lib/python3.10/dist-packages/tfluna_ros2-1.0.0-py3.10.egg-info/PKG-INFO
[20.393s] -- Installing: /home/luka/tf_luna_ros2_ws/install/tfluna_ros2/local/lib/python3.10/dist-packages/tfluna_ros2-1.0.0-py3.10.egg-info/SOURCES.txt
[20.393s] -- Up-to-date: /home/luka/tf_luna_ros2_ws/install/tfluna_ros2/local/lib/python3.10/dist-packages/tfluna_ros2
[20.393s] -- Up-to-date: /home/luka/tf_luna_ros2_ws/install/tfluna_ros2/local/lib/python3.10/dist-packages/tfluna_ros2/tfluna_publisher.py
[20.394s] -- Up-to-date: /home/luka/tf_luna_ros2_ws/install/tfluna_ros2/local/lib/python3.10/dist-packages/tfluna_ros2/tfluna_subscriber.py
[20.394s] -- Up-to-date: /home/luka/tf_luna_ros2_ws/install/tfluna_ros2/local/lib/python3.10/dist-packages/tfluna_ros2/__init__.py
[20.462s] Listing '/home/luka/tf_luna_ros2_ws/install/tfluna_ros2/local/lib/python3.10/dist-packages/tfluna_ros2'...
[20.474s] -- Up-to-date: /home/luka/tf_luna_ros2_ws/install/tfluna_ros2/lib/tfluna_ros2/tfluna_publisher.py
[20.474s] -- Up-to-date: /home/luka/tf_luna_ros2_ws/install/tfluna_ros2/lib/tfluna_ros2/tfluna_subscriber.py
[20.475s] -- Up-to-date: /home/luka/tf_luna_ros2_ws/install/tfluna_ros2/share/tfluna_ros2//launch
[20.475s] -- Up-to-date: /home/luka/tf_luna_ros2_ws/install/tfluna_ros2/share/tfluna_ros2//launch/dual_tfluna_launch.py
[20.475s] -- Up-to-date: /home/luka/tf_luna_ros2_ws/install/tfluna_ros2/share/tfluna_ros2//launch/tfluna_cpp_launch.py
[20.476s] -- Up-to-date: /home/luka/tf_luna_ros2_ws/install/tfluna_ros2/share/tfluna_ros2//launch/tfluna_launch.py
[20.476s] -- Up-to-date: /home/luka/tf_luna_ros2_ws/install/tfluna_ros2/share/tfluna_ros2//config
[20.476s] -- Up-to-date: /home/luka/tf_luna_ros2_ws/install/tfluna_ros2/share/tfluna_ros2//config/tfluna_config.yaml
[20.477s] -- Up-to-date: /home/luka/tf_luna_ros2_ws/install/tfluna_ros2/share/ament_index/resource_index/package_run_dependencies/tfluna_ros2
[20.477s] -- Up-to-date: /home/luka/tf_luna_ros2_ws/install/tfluna_ros2/share/ament_index/resource_index/parent_prefix_path/tfluna_ros2
[20.477s] -- Up-to-date: /home/luka/tf_luna_ros2_ws/install/tfluna_ros2/share/tfluna_ros2/environment/ament_prefix_path.sh
[20.477s] -- Installing: /home/luka/tf_luna_ros2_ws/install/tfluna_ros2/share/tfluna_ros2/environment/ament_prefix_path.dsv
[20.478s] -- Up-to-date: /home/luka/tf_luna_ros2_ws/install/tfluna_ros2/share/tfluna_ros2/environment/path.sh
[20.478s] -- Installing: /home/luka/tf_luna_ros2_ws/install/tfluna_ros2/share/tfluna_ros2/environment/path.dsv
[20.478s] -- Up-to-date: /home/luka/tf_luna_ros2_ws/install/tfluna_ros2/share/tfluna_ros2/local_setup.bash
[20.478s] -- Up-to-date: /home/luka/tf_luna_ros2_ws/install/tfluna_ros2/share/tfluna_ros2/local_setup.sh
[20.479s] -- Up-to-date: /home/luka/tf_luna_ros2_ws/install/tfluna_ros2/share/tfluna_ros2/local_setup.zsh
[20.479s] -- Installing: /home/luka/tf_luna_ros2_ws/install/tfluna_ros2/share/tfluna_ros2/local_setup.dsv
[20.479s] -- Installing: /home/luka/tf_luna_ros2_ws/install/tfluna_ros2/share/tfluna_ros2/package.dsv
[20.479s] -- Up-to-date: /home/luka/tf_luna_ros2_ws/install/tfluna_ros2/share/ament_index/resource_index/packages/tfluna_ros2
[20.480s] -- Up-to-date: /home/luka/tf_luna_ros2_ws/install/tfluna_ros2/share/ament_index/resource_index/rclcpp_components/tfluna_ros2
[20.480s] -- Up-to-date: /home/luka/tf_luna_ros2_ws/install/tfluna_ros2/share/tfluna_ros2/cmake/tfluna_ros2Config.cmake
[20.481s] -- Up-to-date: /home/luka/tf_luna_ros2_ws/install/tfluna_ros2/share/tfluna_ros2/cmake/tfluna_ros2Config-version.cmake
[20.482s] -- Installing: /home/luka/tf_luna_ros2_ws/install/tfluna_ros2/share/tfluna_ros2/package.xml
[20.484s] Invoked command in '/home/luka/tf_luna_ros2_ws/build/tfluna_ros2' returned '0': CMAKE_PREFIX_PATH=${CMAKE_PREFIX_PATH}:/opt/ros/humble /usr/bin/cmake --install /home/luka/tf_luna_ros2_ws/build/tfluna_ros2
