[0.242s] DEBUG:colcon:Command line arguments: ['/usr/bin/colcon', 'build', '--packages-select', 'tfluna_ros2', '--cmake-args', '-DCMAKE_BUILD_TYPE=Release']
[0.242s] DEBUG:colcon:Parsed command line arguments: Namespace(log_base=None, log_level=None, verb_name='build', build_base='build', install_base='install', merge_install=False, symlink_install=False, test_result_base=None, continue_on_error=False, executor='parallel', parallel_workers=6, event_handlers=None, ignore_user_meta=False, metas=['./colcon.meta'], base_paths=['.'], packages_ignore=None, packages_ignore_regex=None, paths=None, packages_up_to=None, packages_up_to_regex=None, packages_above=None, packages_above_and_dependencies=None, packages_above_depth=None, packages_select_by_dep=None, packages_skip_by_dep=None, packages_skip_up_to=None, packages_select_build_failed=False, packages_skip_build_finished=False, packages_select_test_failures=False, packages_skip_test_passed=False, packages_select=['tfluna_ros2'], packages_skip=None, packages_select_regex=None, packages_skip_regex=None, packages_start=None, packages_end=None, allow_overriding=[], cmake_args=['-DCMAKE_BUILD_TYPE=Release'], cmake_target=None, cmake_target_skip_unavailable=False, cmake_clean_cache=False, cmake_clean_first=False, cmake_force_configure=False, ament_cmake_args=None, catkin_cmake_args=None, catkin_skip_building_tests=False, verb_parser=<colcon_defaults.argument_parser.defaults.DefaultArgumentsDecorator object at 0xffffb6d73550>, verb_extension=<colcon_core.verb.build.BuildVerb object at 0xffffb6eb09d0>, main=<bound method BuildVerb.main of <colcon_core.verb.build.BuildVerb object at 0xffffb6eb09d0>>)
[0.606s] Level 1:colcon.colcon_core.package_discovery:discover_packages(colcon_meta) check parameters
[0.607s] Level 1:colcon.colcon_core.package_discovery:discover_packages(recursive) check parameters
[0.607s] Level 1:colcon.colcon_core.package_discovery:discover_packages(ignore) check parameters
[0.607s] Level 1:colcon.colcon_core.package_discovery:discover_packages(path) check parameters
[0.607s] Level 1:colcon.colcon_core.package_discovery:discover_packages(colcon_meta) discover
[0.607s] Level 1:colcon.colcon_core.package_discovery:discover_packages(recursive) discover
[0.607s] INFO:colcon.colcon_core.package_discovery:Crawling recursively for packages in '/home/luka/tf_luna_ros2_ws'
[0.608s] Level 1:colcon.colcon_core.package_identification:_identify(.) by extensions ['ignore', 'ignore_ament_install']
[0.608s] Level 1:colcon.colcon_core.package_identification:_identify(.) by extension 'ignore'
[0.608s] Level 1:colcon.colcon_core.package_identification:_identify(.) by extension 'ignore_ament_install'
[0.608s] Level 1:colcon.colcon_core.package_identification:_identify(.) by extensions ['colcon_pkg']
[0.608s] Level 1:colcon.colcon_core.package_identification:_identify(.) by extension 'colcon_pkg'
[0.608s] Level 1:colcon.colcon_core.package_identification:_identify(.) by extensions ['colcon_meta']
[0.609s] Level 1:colcon.colcon_core.package_identification:_identify(.) by extension 'colcon_meta'
[0.609s] Level 1:colcon.colcon_core.package_identification:_identify(.) by extensions ['ros']
[0.609s] Level 1:colcon.colcon_core.package_identification:_identify(.) by extension 'ros'
[0.635s] Level 1:colcon.colcon_core.package_identification:_identify(.) by extensions ['cmake', 'python']
[0.635s] Level 1:colcon.colcon_core.package_identification:_identify(.) by extension 'cmake'
[0.635s] Level 1:colcon.colcon_core.package_identification:_identify(.) by extension 'python'
[0.635s] Level 1:colcon.colcon_core.package_identification:_identify(.) by extensions ['python_setup_py']
[0.635s] Level 1:colcon.colcon_core.package_identification:_identify(.) by extension 'python_setup_py'
[0.636s] Level 1:colcon.colcon_core.package_identification:_identify(build) by extensions ['ignore', 'ignore_ament_install']
[0.636s] Level 1:colcon.colcon_core.package_identification:_identify(build) by extension 'ignore'
[0.636s] Level 1:colcon.colcon_core.package_identification:_identify(build) ignored
[0.636s] Level 1:colcon.colcon_core.package_identification:_identify(images) by extensions ['ignore', 'ignore_ament_install']
[0.636s] Level 1:colcon.colcon_core.package_identification:_identify(images) by extension 'ignore'
[0.637s] Level 1:colcon.colcon_core.package_identification:_identify(images) by extension 'ignore_ament_install'
[0.637s] Level 1:colcon.colcon_core.package_identification:_identify(images) by extensions ['colcon_pkg']
[0.637s] Level 1:colcon.colcon_core.package_identification:_identify(images) by extension 'colcon_pkg'
[0.637s] Level 1:colcon.colcon_core.package_identification:_identify(images) by extensions ['colcon_meta']
[0.637s] Level 1:colcon.colcon_core.package_identification:_identify(images) by extension 'colcon_meta'
[0.637s] Level 1:colcon.colcon_core.package_identification:_identify(images) by extensions ['ros']
[0.637s] Level 1:colcon.colcon_core.package_identification:_identify(images) by extension 'ros'
[0.637s] Level 1:colcon.colcon_core.package_identification:_identify(images) by extensions ['cmake', 'python']
[0.638s] Level 1:colcon.colcon_core.package_identification:_identify(images) by extension 'cmake'
[0.638s] Level 1:colcon.colcon_core.package_identification:_identify(images) by extension 'python'
[0.638s] Level 1:colcon.colcon_core.package_identification:_identify(images) by extensions ['python_setup_py']
[0.638s] Level 1:colcon.colcon_core.package_identification:_identify(images) by extension 'python_setup_py'
[0.638s] Level 1:colcon.colcon_core.package_identification:_identify(install) by extensions ['ignore', 'ignore_ament_install']
[0.638s] Level 1:colcon.colcon_core.package_identification:_identify(install) by extension 'ignore'
[0.638s] Level 1:colcon.colcon_core.package_identification:_identify(install) ignored
[0.639s] Level 1:colcon.colcon_core.package_identification:_identify(log) by extensions ['ignore', 'ignore_ament_install']
[0.639s] Level 1:colcon.colcon_core.package_identification:_identify(log) by extension 'ignore'
[0.639s] Level 1:colcon.colcon_core.package_identification:_identify(log) ignored
[0.639s] Level 1:colcon.colcon_core.package_identification:_identify(src) by extensions ['ignore', 'ignore_ament_install']
[0.639s] Level 1:colcon.colcon_core.package_identification:_identify(src) by extension 'ignore'
[0.639s] Level 1:colcon.colcon_core.package_identification:_identify(src) by extension 'ignore_ament_install'
[0.640s] Level 1:colcon.colcon_core.package_identification:_identify(src) by extensions ['colcon_pkg']
[0.640s] Level 1:colcon.colcon_core.package_identification:_identify(src) by extension 'colcon_pkg'
[0.640s] Level 1:colcon.colcon_core.package_identification:_identify(src) by extensions ['colcon_meta']
[0.640s] Level 1:colcon.colcon_core.package_identification:_identify(src) by extension 'colcon_meta'
[0.640s] Level 1:colcon.colcon_core.package_identification:_identify(src) by extensions ['ros']
[0.640s] Level 1:colcon.colcon_core.package_identification:_identify(src) by extension 'ros'
[0.640s] Level 1:colcon.colcon_core.package_identification:_identify(src) by extensions ['cmake', 'python']
[0.640s] Level 1:colcon.colcon_core.package_identification:_identify(src) by extension 'cmake'
[0.640s] Level 1:colcon.colcon_core.package_identification:_identify(src) by extension 'python'
[0.641s] Level 1:colcon.colcon_core.package_identification:_identify(src) by extensions ['python_setup_py']
[0.641s] Level 1:colcon.colcon_core.package_identification:_identify(src) by extension 'python_setup_py'
[0.641s] Level 1:colcon.colcon_core.package_identification:_identify(src/tfluna_ros2) by extensions ['ignore', 'ignore_ament_install']
[0.641s] Level 1:colcon.colcon_core.package_identification:_identify(src/tfluna_ros2) by extension 'ignore'
[0.641s] Level 1:colcon.colcon_core.package_identification:_identify(src/tfluna_ros2) by extension 'ignore_ament_install'
[0.641s] Level 1:colcon.colcon_core.package_identification:_identify(src/tfluna_ros2) by extensions ['colcon_pkg']
[0.641s] Level 1:colcon.colcon_core.package_identification:_identify(src/tfluna_ros2) by extension 'colcon_pkg'
[0.642s] Level 1:colcon.colcon_core.package_identification:_identify(src/tfluna_ros2) by extensions ['colcon_meta']
[0.642s] Level 1:colcon.colcon_core.package_identification:_identify(src/tfluna_ros2) by extension 'colcon_meta'
[0.642s] Level 1:colcon.colcon_core.package_identification:_identify(src/tfluna_ros2) by extensions ['ros']
[0.642s] Level 1:colcon.colcon_core.package_identification:_identify(src/tfluna_ros2) by extension 'ros'
[0.648s] DEBUG:colcon.colcon_core.package_identification:Package 'src/tfluna_ros2' with type 'ros.ament_cmake' and name 'tfluna_ros2'
[0.648s] Level 1:colcon.colcon_core.package_discovery:discover_packages(recursive) using defaults
[0.648s] Level 1:colcon.colcon_core.package_discovery:discover_packages(ignore) discover
[0.649s] Level 1:colcon.colcon_core.package_discovery:discover_packages(ignore) using defaults
[0.649s] Level 1:colcon.colcon_core.package_discovery:discover_packages(path) discover
[0.649s] Level 1:colcon.colcon_core.package_discovery:discover_packages(path) using defaults
[0.692s] Level 1:colcon.colcon_core.package_discovery:discover_packages(prefix_path) check parameters
[0.692s] Level 1:colcon.colcon_core.package_discovery:discover_packages(prefix_path) discover
[0.696s] DEBUG:colcon.colcon_installed_package_information.package_discovery:Found 1 installed packages in /home/luka/tf_luna_ros2_ws/install
[0.699s] DEBUG:colcon.colcon_installed_package_information.package_discovery:Found 274 installed packages in /opt/ros/humble
[0.704s] Level 1:colcon.colcon_core.package_discovery:discover_packages(prefix_path) using defaults
[0.816s] Level 5:colcon.colcon_core.verb:set package 'tfluna_ros2' build argument 'cmake_args' from command line to '['-DCMAKE_BUILD_TYPE=Release']'
[0.816s] Level 5:colcon.colcon_core.verb:set package 'tfluna_ros2' build argument 'cmake_target' from command line to 'None'
[0.816s] Level 5:colcon.colcon_core.verb:set package 'tfluna_ros2' build argument 'cmake_target_skip_unavailable' from command line to 'False'
[0.816s] Level 5:colcon.colcon_core.verb:set package 'tfluna_ros2' build argument 'cmake_clean_cache' from command line to 'False'
[0.817s] Level 5:colcon.colcon_core.verb:set package 'tfluna_ros2' build argument 'cmake_clean_first' from command line to 'False'
[0.817s] Level 5:colcon.colcon_core.verb:set package 'tfluna_ros2' build argument 'cmake_force_configure' from command line to 'False'
[0.817s] Level 5:colcon.colcon_core.verb:set package 'tfluna_ros2' build argument 'ament_cmake_args' from command line to 'None'
[0.817s] Level 5:colcon.colcon_core.verb:set package 'tfluna_ros2' build argument 'catkin_cmake_args' from command line to 'None'
[0.817s] Level 5:colcon.colcon_core.verb:set package 'tfluna_ros2' build argument 'catkin_skip_building_tests' from command line to 'False'
[0.817s] DEBUG:colcon.colcon_core.verb:Building package 'tfluna_ros2' with the following arguments: {'ament_cmake_args': None, 'build_base': '/home/luka/tf_luna_ros2_ws/build/tfluna_ros2', 'catkin_cmake_args': None, 'catkin_skip_building_tests': False, 'cmake_args': ['-DCMAKE_BUILD_TYPE=Release'], 'cmake_clean_cache': False, 'cmake_clean_first': False, 'cmake_force_configure': False, 'cmake_target': None, 'cmake_target_skip_unavailable': False, 'install_base': '/home/luka/tf_luna_ros2_ws/install/tfluna_ros2', 'merge_install': False, 'path': '/home/luka/tf_luna_ros2_ws/src/tfluna_ros2', 'symlink_install': False, 'test_result_base': None}
[0.817s] INFO:colcon.colcon_core.executor:Executing jobs using 'parallel' executor
[0.819s] DEBUG:colcon.colcon_parallel_executor.executor.parallel:run_until_complete
[0.820s] INFO:colcon.colcon_ros.task.ament_cmake.build:Building ROS package in '/home/luka/tf_luna_ros2_ws/src/tfluna_ros2' with build type 'ament_cmake'
[0.821s] INFO:colcon.colcon_cmake.task.cmake.build:Building CMake package in '/home/luka/tf_luna_ros2_ws/src/tfluna_ros2'
[0.825s] INFO:colcon.colcon_core.plugin_system:Skipping extension 'colcon_core.shell.bat': Not used on non-Windows systems
[0.825s] INFO:colcon.colcon_core.shell:Skip shell extension 'powershell' for command environment: Not usable outside of PowerShell
[0.826s] DEBUG:colcon.colcon_core.shell:Skip shell extension 'dsv' for command environment
[0.843s] DEBUG:colcon.colcon_core.event_handler.log_command:Invoking command in '/home/luka/tf_luna_ros2_ws/build/tfluna_ros2': CMAKE_PREFIX_PATH=${CMAKE_PREFIX_PATH}:/opt/ros/humble /usr/bin/cmake --build /home/luka/tf_luna_ros2_ws/build/tfluna_ros2 -- -j6 -l6
[2.335s] DEBUG:colcon.colcon_core.event_handler.log_command:Invoked command in '/home/luka/tf_luna_ros2_ws/build/tfluna_ros2' returned '0': CMAKE_PREFIX_PATH=${CMAKE_PREFIX_PATH}:/opt/ros/humble /usr/bin/cmake --build /home/luka/tf_luna_ros2_ws/build/tfluna_ros2 -- -j6 -l6
[2.360s] DEBUG:colcon.colcon_core.event_handler.log_command:Invoking command in '/home/luka/tf_luna_ros2_ws/build/tfluna_ros2': CMAKE_PREFIX_PATH=${CMAKE_PREFIX_PATH}:/opt/ros/humble /usr/bin/cmake --install /home/luka/tf_luna_ros2_ws/build/tfluna_ros2
[2.385s] Level 1:colcon.colcon_core.environment:create_environment_scripts_only(tfluna_ros2)
[2.386s] DEBUG:colcon.colcon_core.event_handler.log_command:Invoked command in '/home/luka/tf_luna_ros2_ws/build/tfluna_ros2' returned '0': CMAKE_PREFIX_PATH=${CMAKE_PREFIX_PATH}:/opt/ros/humble /usr/bin/cmake --install /home/luka/tf_luna_ros2_ws/build/tfluna_ros2
[2.394s] Level 1:colcon.colcon_core.environment:checking '/home/luka/tf_luna_ros2_ws/install/tfluna_ros2' for CMake module files
[2.396s] Level 1:colcon.colcon_core.environment:checking '/home/luka/tf_luna_ros2_ws/install/tfluna_ros2' for CMake config files
[2.397s] Level 1:colcon.colcon_core.shell:create_environment_hook('tfluna_ros2', 'cmake_prefix_path')
[2.398s] INFO:colcon.colcon_core.shell:Creating environment hook '/home/luka/tf_luna_ros2_ws/install/tfluna_ros2/share/tfluna_ros2/hook/cmake_prefix_path.ps1'
[2.400s] INFO:colcon.colcon_core.shell:Creating environment descriptor '/home/luka/tf_luna_ros2_ws/install/tfluna_ros2/share/tfluna_ros2/hook/cmake_prefix_path.dsv'
[2.402s] INFO:colcon.colcon_core.shell:Creating environment hook '/home/luka/tf_luna_ros2_ws/install/tfluna_ros2/share/tfluna_ros2/hook/cmake_prefix_path.sh'
[2.405s] Level 1:colcon.colcon_core.environment:checking '/home/luka/tf_luna_ros2_ws/install/tfluna_ros2/lib'
[2.406s] Level 1:colcon.colcon_core.shell:create_environment_hook('tfluna_ros2', 'ld_library_path_lib')
[2.406s] INFO:colcon.colcon_core.shell:Creating environment hook '/home/luka/tf_luna_ros2_ws/install/tfluna_ros2/share/tfluna_ros2/hook/ld_library_path_lib.ps1'
[2.408s] INFO:colcon.colcon_core.shell:Creating environment descriptor '/home/luka/tf_luna_ros2_ws/install/tfluna_ros2/share/tfluna_ros2/hook/ld_library_path_lib.dsv'
[2.409s] INFO:colcon.colcon_core.shell:Creating environment hook '/home/luka/tf_luna_ros2_ws/install/tfluna_ros2/share/tfluna_ros2/hook/ld_library_path_lib.sh'
[2.411s] Level 1:colcon.colcon_core.environment:checking '/home/luka/tf_luna_ros2_ws/install/tfluna_ros2/bin'
[2.411s] Level 1:colcon.colcon_core.environment:checking '/home/luka/tf_luna_ros2_ws/install/tfluna_ros2/lib/pkgconfig/tfluna_ros2.pc'
[2.412s] Level 1:colcon.colcon_core.environment:checking '/home/luka/tf_luna_ros2_ws/install/tfluna_ros2/lib/python3.10/site-packages'
[2.412s] Level 1:colcon.colcon_core.shell:create_environment_hook('tfluna_ros2', 'pythonpath')
[2.413s] INFO:colcon.colcon_core.shell:Creating environment hook '/home/luka/tf_luna_ros2_ws/install/tfluna_ros2/share/tfluna_ros2/hook/pythonpath.ps1'
[2.414s] INFO:colcon.colcon_core.shell:Creating environment descriptor '/home/luka/tf_luna_ros2_ws/install/tfluna_ros2/share/tfluna_ros2/hook/pythonpath.dsv'
[2.415s] INFO:colcon.colcon_core.shell:Creating environment hook '/home/luka/tf_luna_ros2_ws/install/tfluna_ros2/share/tfluna_ros2/hook/pythonpath.sh'
[2.417s] Level 1:colcon.colcon_core.environment:checking '/home/luka/tf_luna_ros2_ws/install/tfluna_ros2/bin'
[2.419s] INFO:colcon.colcon_core.shell:Creating package script '/home/luka/tf_luna_ros2_ws/install/tfluna_ros2/share/tfluna_ros2/package.ps1'
[2.422s] INFO:colcon.colcon_core.shell:Creating package descriptor '/home/luka/tf_luna_ros2_ws/install/tfluna_ros2/share/tfluna_ros2/package.dsv'
[2.424s] INFO:colcon.colcon_core.shell:Creating package script '/home/luka/tf_luna_ros2_ws/install/tfluna_ros2/share/tfluna_ros2/package.sh'
[2.427s] INFO:colcon.colcon_core.shell:Creating package script '/home/luka/tf_luna_ros2_ws/install/tfluna_ros2/share/tfluna_ros2/package.bash'
[2.430s] INFO:colcon.colcon_core.shell:Creating package script '/home/luka/tf_luna_ros2_ws/install/tfluna_ros2/share/tfluna_ros2/package.zsh'
[2.433s] Level 1:colcon.colcon_core.environment:create_file_with_runtime_dependencies(/home/luka/tf_luna_ros2_ws/install/tfluna_ros2/share/colcon-core/packages/tfluna_ros2)
[2.435s] Level 1:colcon.colcon_core.environment:create_environment_scripts_only(tfluna_ros2)
[2.436s] Level 1:colcon.colcon_core.environment:checking '/home/luka/tf_luna_ros2_ws/install/tfluna_ros2' for CMake module files
[2.437s] Level 1:colcon.colcon_core.environment:checking '/home/luka/tf_luna_ros2_ws/install/tfluna_ros2' for CMake config files
[2.438s] Level 1:colcon.colcon_core.shell:create_environment_hook('tfluna_ros2', 'cmake_prefix_path')
[2.439s] INFO:colcon.colcon_core.shell:Creating environment hook '/home/luka/tf_luna_ros2_ws/install/tfluna_ros2/share/tfluna_ros2/hook/cmake_prefix_path.ps1'
[2.441s] INFO:colcon.colcon_core.shell:Creating environment descriptor '/home/luka/tf_luna_ros2_ws/install/tfluna_ros2/share/tfluna_ros2/hook/cmake_prefix_path.dsv'
[2.442s] INFO:colcon.colcon_core.shell:Creating environment hook '/home/luka/tf_luna_ros2_ws/install/tfluna_ros2/share/tfluna_ros2/hook/cmake_prefix_path.sh'
[2.444s] Level 1:colcon.colcon_core.environment:checking '/home/luka/tf_luna_ros2_ws/install/tfluna_ros2/lib'
[2.444s] Level 1:colcon.colcon_core.shell:create_environment_hook('tfluna_ros2', 'ld_library_path_lib')
[2.445s] INFO:colcon.colcon_core.shell:Creating environment hook '/home/luka/tf_luna_ros2_ws/install/tfluna_ros2/share/tfluna_ros2/hook/ld_library_path_lib.ps1'
[2.446s] INFO:colcon.colcon_core.shell:Creating environment descriptor '/home/luka/tf_luna_ros2_ws/install/tfluna_ros2/share/tfluna_ros2/hook/ld_library_path_lib.dsv'
[2.447s] INFO:colcon.colcon_core.shell:Creating environment hook '/home/luka/tf_luna_ros2_ws/install/tfluna_ros2/share/tfluna_ros2/hook/ld_library_path_lib.sh'
[2.448s] Level 1:colcon.colcon_core.environment:checking '/home/luka/tf_luna_ros2_ws/install/tfluna_ros2/bin'
[2.449s] Level 1:colcon.colcon_core.environment:checking '/home/luka/tf_luna_ros2_ws/install/tfluna_ros2/lib/pkgconfig/tfluna_ros2.pc'
[2.449s] Level 1:colcon.colcon_core.environment:checking '/home/luka/tf_luna_ros2_ws/install/tfluna_ros2/lib/python3.10/site-packages'
[2.449s] Level 1:colcon.colcon_core.shell:create_environment_hook('tfluna_ros2', 'pythonpath')
[2.450s] INFO:colcon.colcon_core.shell:Creating environment hook '/home/luka/tf_luna_ros2_ws/install/tfluna_ros2/share/tfluna_ros2/hook/pythonpath.ps1'
[2.451s] INFO:colcon.colcon_core.shell:Creating environment descriptor '/home/luka/tf_luna_ros2_ws/install/tfluna_ros2/share/tfluna_ros2/hook/pythonpath.dsv'
[2.453s] INFO:colcon.colcon_core.shell:Creating environment hook '/home/luka/tf_luna_ros2_ws/install/tfluna_ros2/share/tfluna_ros2/hook/pythonpath.sh'
[2.454s] Level 1:colcon.colcon_core.environment:checking '/home/luka/tf_luna_ros2_ws/install/tfluna_ros2/bin'
[2.455s] INFO:colcon.colcon_core.shell:Creating package script '/home/luka/tf_luna_ros2_ws/install/tfluna_ros2/share/tfluna_ros2/package.ps1'
[2.457s] INFO:colcon.colcon_core.shell:Creating package descriptor '/home/luka/tf_luna_ros2_ws/install/tfluna_ros2/share/tfluna_ros2/package.dsv'
[2.459s] INFO:colcon.colcon_core.shell:Creating package script '/home/luka/tf_luna_ros2_ws/install/tfluna_ros2/share/tfluna_ros2/package.sh'
[2.460s] INFO:colcon.colcon_core.shell:Creating package script '/home/luka/tf_luna_ros2_ws/install/tfluna_ros2/share/tfluna_ros2/package.bash'
[2.461s] INFO:colcon.colcon_core.shell:Creating package script '/home/luka/tf_luna_ros2_ws/install/tfluna_ros2/share/tfluna_ros2/package.zsh'
[2.463s] Level 1:colcon.colcon_core.environment:create_file_with_runtime_dependencies(/home/luka/tf_luna_ros2_ws/install/tfluna_ros2/share/colcon-core/packages/tfluna_ros2)
[2.463s] DEBUG:colcon.colcon_parallel_executor.executor.parallel:closing loop
[2.464s] DEBUG:colcon.colcon_parallel_executor.executor.parallel:loop closed
[2.464s] DEBUG:colcon.colcon_parallel_executor.executor.parallel:run_until_complete finished with '0'
[2.465s] DEBUG:colcon.colcon_core.event_reactor:joining thread
[2.481s] INFO:colcon.colcon_core.plugin_system:Skipping extension 'colcon_notification.desktop_notification.terminal_notifier': Not used on non-Darwin systems
[2.482s] INFO:colcon.colcon_core.plugin_system:Skipping extension 'colcon_notification.desktop_notification.win32': Not used on non-Windows systems
[2.482s] INFO:colcon.colcon_notification.desktop_notification:Sending desktop notification using 'notify2'
[2.515s] DEBUG:colcon.colcon_core.event_reactor:joined thread
[2.516s] INFO:colcon.colcon_core.shell:Creating prefix script '/home/luka/tf_luna_ros2_ws/install/local_setup.ps1'
[2.519s] INFO:colcon.colcon_core.shell:Creating prefix util module '/home/luka/tf_luna_ros2_ws/install/_local_setup_util_ps1.py'
[2.524s] INFO:colcon.colcon_core.shell:Creating prefix chain script '/home/luka/tf_luna_ros2_ws/install/setup.ps1'
[2.527s] INFO:colcon.colcon_core.shell:Creating prefix script '/home/luka/tf_luna_ros2_ws/install/local_setup.sh'
[2.528s] INFO:colcon.colcon_core.shell:Creating prefix util module '/home/luka/tf_luna_ros2_ws/install/_local_setup_util_sh.py'
[2.530s] INFO:colcon.colcon_core.shell:Creating prefix chain script '/home/luka/tf_luna_ros2_ws/install/setup.sh'
[2.532s] INFO:colcon.colcon_core.shell:Creating prefix script '/home/luka/tf_luna_ros2_ws/install/local_setup.bash'
[2.533s] INFO:colcon.colcon_core.shell:Creating prefix chain script '/home/luka/tf_luna_ros2_ws/install/setup.bash'
[2.536s] INFO:colcon.colcon_core.shell:Creating prefix script '/home/luka/tf_luna_ros2_ws/install/local_setup.zsh'
[2.537s] INFO:colcon.colcon_core.shell:Creating prefix chain script '/home/luka/tf_luna_ros2_ws/install/setup.zsh'
