[1.360s] Invoking command in '/home/luka/tf_luna_ros2_ws/src/tfluna_ros2': PYTHONPATH=/home/luka/tf_luna_ros2_ws/build/tfluna_ros2/prefix_override:/usr/lib/python3/dist-packages/colcon_core/task/python/colcon_distutils_commands:/home/luka/tf_luna_ros2_ws/install/tfluna_ros2/lib/python3.10/site-packages:${PYTHONPATH} /usr/bin/python3 -W ignore:setup.py install is deprecated -W ignore:easy_install command is deprecated setup.py egg_info --egg-base ../../build/tfluna_ros2 build --build-base /home/luka/tf_luna_ros2_ws/build/tfluna_ros2/build install --record /home/luka/tf_luna_ros2_ws/build/tfluna_ros2/install.log --single-version-externally-managed install_data
[1.875s] running egg_info
[1.876s] creating ../../build/tfluna_ros2/tfluna_ros2.egg-info
[1.876s] writing ../../build/tfluna_ros2/tfluna_ros2.egg-info/PKG-INFO
[1.877s] writing dependency_links to ../../build/tfluna_ros2/tfluna_ros2.egg-info/dependency_links.txt
[1.877s] writing entry points to ../../build/tfluna_ros2/tfluna_ros2.egg-info/entry_points.txt
[1.878s] writing requirements to ../../build/tfluna_ros2/tfluna_ros2.egg-info/requires.txt
[1.878s] writing top-level names to ../../build/tfluna_ros2/tfluna_ros2.egg-info/top_level.txt
[1.878s] writing manifest file '../../build/tfluna_ros2/tfluna_ros2.egg-info/SOURCES.txt'
[1.883s] reading manifest file '../../build/tfluna_ros2/tfluna_ros2.egg-info/SOURCES.txt'
[1.884s] writing manifest file '../../build/tfluna_ros2/tfluna_ros2.egg-info/SOURCES.txt'
[1.884s] running build
[1.885s] running build_py
[1.885s] creating /home/luka/tf_luna_ros2_ws/build/tfluna_ros2/build
[1.885s] creating /home/luka/tf_luna_ros2_ws/build/tfluna_ros2/build/lib
[1.886s] creating /home/luka/tf_luna_ros2_ws/build/tfluna_ros2/build/lib/tfluna_ros2
[1.886s] copying tfluna_ros2/tfluna_publisher.py -> /home/luka/tf_luna_ros2_ws/build/tfluna_ros2/build/lib/tfluna_ros2
[1.886s] copying tfluna_ros2/tfluna_subscriber.py -> /home/luka/tf_luna_ros2_ws/build/tfluna_ros2/build/lib/tfluna_ros2
[1.886s] copying tfluna_ros2/__init__.py -> /home/luka/tf_luna_ros2_ws/build/tfluna_ros2/build/lib/tfluna_ros2
[1.886s] running install
[1.887s] running install_lib
[1.889s] creating /home/luka/tf_luna_ros2_ws/install/tfluna_ros2/lib/python3.10/site-packages/tfluna_ros2
[1.889s] copying /home/luka/tf_luna_ros2_ws/build/tfluna_ros2/build/lib/tfluna_ros2/tfluna_publisher.py -> /home/luka/tf_luna_ros2_ws/install/tfluna_ros2/lib/python3.10/site-packages/tfluna_ros2
[1.890s] copying /home/luka/tf_luna_ros2_ws/build/tfluna_ros2/build/lib/tfluna_ros2/tfluna_subscriber.py -> /home/luka/tf_luna_ros2_ws/install/tfluna_ros2/lib/python3.10/site-packages/tfluna_ros2
[1.890s] copying /home/luka/tf_luna_ros2_ws/build/tfluna_ros2/build/lib/tfluna_ros2/__init__.py -> /home/luka/tf_luna_ros2_ws/install/tfluna_ros2/lib/python3.10/site-packages/tfluna_ros2
[1.891s] byte-compiling /home/luka/tf_luna_ros2_ws/install/tfluna_ros2/lib/python3.10/site-packages/tfluna_ros2/tfluna_publisher.py to tfluna_publisher.cpython-310.pyc
[1.894s] byte-compiling /home/luka/tf_luna_ros2_ws/install/tfluna_ros2/lib/python3.10/site-packages/tfluna_ros2/tfluna_subscriber.py to tfluna_subscriber.cpython-310.pyc
[1.895s] byte-compiling /home/luka/tf_luna_ros2_ws/install/tfluna_ros2/lib/python3.10/site-packages/tfluna_ros2/__init__.py to __init__.cpython-310.pyc
[1.895s] running install_data
[1.895s] creating /home/luka/tf_luna_ros2_ws/install/tfluna_ros2/share/ament_index
[1.896s] creating /home/luka/tf_luna_ros2_ws/install/tfluna_ros2/share/ament_index/resource_index
[1.896s] creating /home/luka/tf_luna_ros2_ws/install/tfluna_ros2/share/ament_index/resource_index/packages
[1.897s] copying resource/tfluna_ros2 -> /home/luka/tf_luna_ros2_ws/install/tfluna_ros2/share/ament_index/resource_index/packages
[1.897s] copying package.xml -> /home/luka/tf_luna_ros2_ws/install/tfluna_ros2/share/tfluna_ros2
[1.897s] creating /home/luka/tf_luna_ros2_ws/install/tfluna_ros2/share/tfluna_ros2/launch
[1.897s] creating /home/luka/tf_luna_ros2_ws/install/tfluna_ros2/share/tfluna_ros2/config
[1.897s] copying config/tfluna_config.yaml -> /home/luka/tf_luna_ros2_ws/install/tfluna_ros2/share/tfluna_ros2/config
[1.897s] running install_egg_info
[1.902s] Copying ../../build/tfluna_ros2/tfluna_ros2.egg-info to /home/luka/tf_luna_ros2_ws/install/tfluna_ros2/lib/python3.10/site-packages/tfluna_ros2-1.0.0-py3.10.egg-info
[1.904s] running install_scripts
[1.954s] Installing tfluna_publisher script to /home/luka/tf_luna_ros2_ws/install/tfluna_ros2/lib/tfluna_ros2
[1.954s] Installing tfluna_subscriber script to /home/luka/tf_luna_ros2_ws/install/tfluna_ros2/lib/tfluna_ros2
[1.956s] writing list of installed files to '/home/luka/tf_luna_ros2_ws/build/tfluna_ros2/install.log'
[2.026s] Invoked command in '/home/luka/tf_luna_ros2_ws/src/tfluna_ros2' returned '0': PYTHONPATH=/home/luka/tf_luna_ros2_ws/build/tfluna_ros2/prefix_override:/usr/lib/python3/dist-packages/colcon_core/task/python/colcon_distutils_commands:/home/luka/tf_luna_ros2_ws/install/tfluna_ros2/lib/python3.10/site-packages:${PYTHONPATH} /usr/bin/python3 -W ignore:setup.py install is deprecated -W ignore:easy_install command is deprecated setup.py egg_info --egg-base ../../build/tfluna_ros2 build --build-base /home/luka/tf_luna_ros2_ws/build/tfluna_ros2/build install --record /home/luka/tf_luna_ros2_ws/build/tfluna_ros2/install.log --single-version-externally-managed install_data
